<?xml version="1.0" encoding="UTF-8"?>
<testsuite name="azkaban.utils.UtilsTest" tests="4" skipped="0" failures="0" errors="0" timestamp="2016-04-13T08:41:26" hostname="zexinBian-MacBook-Pro.local" time="0.001">
  <properties/>
  <testcase name="testValidPort" classname="azkaban.utils.UtilsTest" time="0.0"/>
  <testcase name="testOverflowPort" classname="azkaban.utils.UtilsTest" time="0.0"/>
  <testcase name="testZeroPort" classname="azkaban.utils.UtilsTest" time="0.0"/>
  <testcase name="testNegativePort" classname="azkaban.utils.UtilsTest" time="0.0"/>
  <system-out><![CDATA[]]></system-out>
  <system-err><![CDATA[]]></system-err>
</testsuite>
