<?xml version="1.0" encoding="UTF-8"?>
<testsuite name="azkaban.server.HttpRequestUtilsTest" tests="6" skipped="0" failures="0" errors="0" timestamp="2016-04-13T08:41:04" hostname="zexinBian-MacBook-Pro.local" time="0.024">
  <properties/>
  <testcase name="testInvalidIntegerParam" classname="azkaban.server.HttpRequestUtilsTest" time="0.001"/>
  <testcase name="testvalidIntegerParam" classname="azkaban.server.HttpRequestUtilsTest" time="0.0"/>
  <testcase name="TestFilterAdminOnlyFlowParams" classname="azkaban.server.HttpRequestUtilsTest" time="0.006"/>
  <testcase name="TestFilterNonAdminOnlyFlowParams" classname="azkaban.server.HttpRequestUtilsTest" time="0.004"/>
  <testcase name="testHasAdminPermission" classname="azkaban.server.HttpRequestUtilsTest" time="0.002"/>
  <testcase name="testHasOrdinaryPermission" classname="azkaban.server.HttpRequestUtilsTest" time="0.002"/>
  <system-out><![CDATA[6494 [Test worker] INFO azkaban.user.XmlUserManager  - Loading user testAdmin
6495 [Test worker] INFO azkaban.user.XmlUserManager  - Loading user testUser
6508 [Test worker] INFO azkaban.user.XmlUserManager  - Loading user testAdmin
6508 [Test worker] INFO azkaban.user.XmlUserManager  - Loading user testUser
6510 [Test worker] INFO azkaban.user.XmlUserManager  - Loading user testAdmin
6510 [Test worker] INFO azkaban.user.XmlUserManager  - Loading user testUser
6512 [Test worker] INFO azkaban.user.XmlUserManager  - Loading user testAdmin
6512 [Test worker] INFO azkaban.user.XmlUserManager  - Loading user testUser
]]></system-out>
  <system-err><![CDATA[]]></system-err>
</testsuite>
