<?xml version="1.0" encoding="UTF-8"?>
<testsuite name="azkaban.jobtype.JobTypeManagerTest" tests="5" skipped="0" failures="0" errors="0" timestamp="2016-04-13T08:41:02" hostname="zexinBian-MacBook-Pro.local" time="0.11">
  <properties/>
  <testcase name="testBuildClass" classname="azkaban.jobtype.JobTypeManagerTest" time="0.025"/>
  <testcase name="testLoadedClasses" classname="azkaban.jobtype.JobTypeManagerTest" time="0.016"/>
  <testcase name="testResetPlugins" classname="azkaban.jobtype.JobTypeManagerTest" time="0.028"/>
  <testcase name="testCommonPluginProps" classname="azkaban.jobtype.JobTypeManagerTest" time="0.019"/>
  <testcase name="testBuildClass2" classname="azkaban.jobtype.JobTypeManagerTest" time="0.02"/>
  <system-out><![CDATA[4279 [Test worker] INFO azkaban.jobtype.JobTypeManager  - Loading plugin default job types
4281 [Test worker] INFO azkaban.jobtype.JobTypeManager  - Job type plugin directory set. Loading extra job types from /private/var/folders/q5/6pyccsqn0492yl_9n58zkjfw0000gp/T/junit8885183424563762148/jobtypes_test
4281 [Test worker] INFO azkaban.jobtype.JobTypeManager  - Common plugin job props file /private/var/folders/q5/6pyccsqn0492yl_9n58zkjfw0000gp/T/junit8885183424563762148/jobtypes_test/common.properties found. Attempt to load.
4281 [Test worker] INFO azkaban.jobtype.JobTypeManager  - Common plugin load props file /private/var/folders/q5/6pyccsqn0492yl_9n58zkjfw0000gp/T/junit8885183424563762148/jobtypes_test/commonprivate.properties found. Attempt to load.
4281 [Test worker] INFO azkaban.jobtype.JobTypeManager  - Loading plugin anothertestjob
4282 [Test worker] INFO azkaban.jobtype.JobTypeManager  - Adding global resources for anothertestjob
4282 [Test worker] INFO azkaban.jobtype.JobTypeManager  - Adding type resources.
4282 [Test worker] INFO azkaban.jobtype.JobTypeManager  - adding to classpath file:/Users/bianzexin/Documents/workspace/bigdata/azkaban/azkaban-common/lib/*
4282 [Test worker] INFO azkaban.jobtype.JobTypeManager  - Adding type override resources.
4283 [Test worker] INFO azkaban.jobtype.JobTypeManager  - Verifying job plugin anothertestjob
4283 [Test worker] INFO azkaban.jobtype.JobTypeManager  - Loaded jobtype anothertestjob azkaban.jobtype.FakeJavaJob
4283 [Test worker] INFO azkaban.jobtype.JobTypeManager  - Loading plugin testjob
4283 [Test worker] INFO azkaban.jobtype.JobTypeManager  - Adding global resources for testjob
4283 [Test worker] INFO azkaban.jobtype.JobTypeManager  - Adding type resources.
4283 [Test worker] INFO azkaban.jobtype.JobTypeManager  - Adding type override resources.
4284 [Test worker] INFO azkaban.jobtype.JobTypeManager  - adding to classpath file:/private/var/folders/q5/6pyccsqn0492yl_9n58zkjfw0000gp/T/junit8885183424563762148/jobtypes_test/testjob/fakejobtype.jar
4284 [Test worker] INFO azkaban.jobtype.JobTypeManager  - Verifying job plugin testjob
4284 [Test worker] INFO azkaban.jobtype.JobTypeManager  - Loaded jobtype testjob azkaban.jobtype.FakeJavaJob2
4284 [Test worker] INFO azkaban.jobtype.JobTypeManagerTest  - Building anothertestjob job executor. 
4298 [Test worker] INFO azkaban.jobtype.JobTypeManager  - Loading plugin default job types
4298 [Test worker] INFO azkaban.jobtype.JobTypeManager  - Job type plugin directory set. Loading extra job types from /private/var/folders/q5/6pyccsqn0492yl_9n58zkjfw0000gp/T/junit8840428057586174849/jobtypes_test
4298 [Test worker] INFO azkaban.jobtype.JobTypeManager  - Common plugin job props file /private/var/folders/q5/6pyccsqn0492yl_9n58zkjfw0000gp/T/junit8840428057586174849/jobtypes_test/common.properties found. Attempt to load.
4299 [Test worker] INFO azkaban.jobtype.JobTypeManager  - Common plugin load props file /private/var/folders/q5/6pyccsqn0492yl_9n58zkjfw0000gp/T/junit8840428057586174849/jobtypes_test/commonprivate.properties found. Attempt to load.
4299 [Test worker] INFO azkaban.jobtype.JobTypeManager  - Loading plugin anothertestjob
4299 [Test worker] INFO azkaban.jobtype.JobTypeManager  - Adding global resources for anothertestjob
4299 [Test worker] INFO azkaban.jobtype.JobTypeManager  - Adding type resources.
4299 [Test worker] INFO azkaban.jobtype.JobTypeManager  - adding to classpath file:/Users/bianzexin/Documents/workspace/bigdata/azkaban/azkaban-common/lib/*
4300 [Test worker] INFO azkaban.jobtype.JobTypeManager  - Adding type override resources.
4300 [Test worker] INFO azkaban.jobtype.JobTypeManager  - Verifying job plugin anothertestjob
4300 [Test worker] INFO azkaban.jobtype.JobTypeManager  - Loaded jobtype anothertestjob azkaban.jobtype.FakeJavaJob
4300 [Test worker] INFO azkaban.jobtype.JobTypeManager  - Loading plugin testjob
4300 [Test worker] INFO azkaban.jobtype.JobTypeManager  - Adding global resources for testjob
4300 [Test worker] INFO azkaban.jobtype.JobTypeManager  - Adding type resources.
4300 [Test worker] INFO azkaban.jobtype.JobTypeManager  - Adding type override resources.
4301 [Test worker] INFO azkaban.jobtype.JobTypeManager  - adding to classpath file:/private/var/folders/q5/6pyccsqn0492yl_9n58zkjfw0000gp/T/junit8840428057586174849/jobtypes_test/testjob/fakejobtype.jar
4301 [Test worker] INFO azkaban.jobtype.JobTypeManager  - Verifying job plugin testjob
4301 [Test worker] INFO azkaban.jobtype.JobTypeManager  - Loaded jobtype testjob azkaban.jobtype.FakeJavaJob2
{commonprop1: commonprop1, commonprop2: commonprop2, commonprop3: commonprop3, }
4314 [Test worker] INFO azkaban.jobtype.JobTypeManager  - Loading plugin default job types
4315 [Test worker] INFO azkaban.jobtype.JobTypeManager  - Job type plugin directory set. Loading extra job types from /private/var/folders/q5/6pyccsqn0492yl_9n58zkjfw0000gp/T/junit4267471055986253459/jobtypes_test
4315 [Test worker] INFO azkaban.jobtype.JobTypeManager  - Common plugin job props file /private/var/folders/q5/6pyccsqn0492yl_9n58zkjfw0000gp/T/junit4267471055986253459/jobtypes_test/common.properties found. Attempt to load.
4315 [Test worker] INFO azkaban.jobtype.JobTypeManager  - Common plugin load props file /private/var/folders/q5/6pyccsqn0492yl_9n58zkjfw0000gp/T/junit4267471055986253459/jobtypes_test/commonprivate.properties found. Attempt to load.
4315 [Test worker] INFO azkaban.jobtype.JobTypeManager  - Loading plugin anothertestjob
4315 [Test worker] INFO azkaban.jobtype.JobTypeManager  - Adding global resources for anothertestjob
4316 [Test worker] INFO azkaban.jobtype.JobTypeManager  - Adding type resources.
4316 [Test worker] INFO azkaban.jobtype.JobTypeManager  - adding to classpath file:/Users/bianzexin/Documents/workspace/bigdata/azkaban/azkaban-common/lib/*
4316 [Test worker] INFO azkaban.jobtype.JobTypeManager  - Adding type override resources.
4316 [Test worker] INFO azkaban.jobtype.JobTypeManager  - Verifying job plugin anothertestjob
4316 [Test worker] INFO azkaban.jobtype.JobTypeManager  - Loaded jobtype anothertestjob azkaban.jobtype.FakeJavaJob
4316 [Test worker] INFO azkaban.jobtype.JobTypeManager  - Loading plugin testjob
4317 [Test worker] INFO azkaban.jobtype.JobTypeManager  - Adding global resources for testjob
4317 [Test worker] INFO azkaban.jobtype.JobTypeManager  - Adding type resources.
4317 [Test worker] INFO azkaban.jobtype.JobTypeManager  - Adding type override resources.
4317 [Test worker] INFO azkaban.jobtype.JobTypeManager  - adding to classpath file:/private/var/folders/q5/6pyccsqn0492yl_9n58zkjfw0000gp/T/junit4267471055986253459/jobtypes_test/testjob/fakejobtype.jar
4317 [Test worker] INFO azkaban.jobtype.JobTypeManager  - Verifying job plugin testjob
4317 [Test worker] INFO azkaban.jobtype.JobTypeManager  - Loaded jobtype testjob azkaban.jobtype.FakeJavaJob2
4325 [Test worker] INFO azkaban.jobtype.JobTypeManager  - Loading plugin default job types
4325 [Test worker] INFO azkaban.jobtype.JobTypeManager  - Job type plugin directory set. Loading extra job types from /private/var/folders/q5/6pyccsqn0492yl_9n58zkjfw0000gp/T/junit4267471055986253459/jobtypes_test
4325 [Test worker] INFO azkaban.jobtype.JobTypeManager  - Common plugin job props file /private/var/folders/q5/6pyccsqn0492yl_9n58zkjfw0000gp/T/junit4267471055986253459/jobtypes_test/common.properties found. Attempt to load.
4325 [Test worker] INFO azkaban.jobtype.JobTypeManager  - Common plugin load props file /private/var/folders/q5/6pyccsqn0492yl_9n58zkjfw0000gp/T/junit4267471055986253459/jobtypes_test/commonprivate.properties found. Attempt to load.
4325 [Test worker] INFO azkaban.jobtype.JobTypeManager  - Loading plugin anothertestjob
4326 [Test worker] INFO azkaban.jobtype.JobTypeManager  - Adding global resources for anothertestjob
4326 [Test worker] INFO azkaban.jobtype.JobTypeManager  - Adding type resources.
4326 [Test worker] INFO azkaban.jobtype.JobTypeManager  - adding to classpath file:/Users/bianzexin/Documents/workspace/bigdata/azkaban/azkaban-common/lib/*
4326 [Test worker] INFO azkaban.jobtype.JobTypeManager  - Adding type override resources.
4326 [Test worker] INFO azkaban.jobtype.JobTypeManager  - Verifying job plugin anothertestjob
4327 [Test worker] INFO azkaban.jobtype.JobTypeManager  - Loaded jobtype anothertestjob azkaban.jobtype.FakeJavaJob
4327 [Test worker] INFO azkaban.jobtype.JobTypeManager  - Loading plugin newtestjob
4327 [Test worker] INFO azkaban.jobtype.JobTypeManager  - Adding global resources for newtestjob
4327 [Test worker] INFO azkaban.jobtype.JobTypeManager  - Adding type resources.
4327 [Test worker] INFO azkaban.jobtype.JobTypeManager  - Adding type override resources.
4328 [Test worker] INFO azkaban.jobtype.JobTypeManager  - adding to classpath file:/private/var/folders/q5/6pyccsqn0492yl_9n58zkjfw0000gp/T/junit4267471055986253459/jobtypes_test/newtestjob/fakejobtype.jar
4328 [Test worker] INFO azkaban.jobtype.JobTypeManager  - Verifying job plugin newtestjob
4328 [Test worker] INFO azkaban.jobtype.JobTypeManager  - Loaded jobtype newtestjob azkaban.jobtype.FakeJavaJob2
4328 [Test worker] INFO azkaban.jobtype.JobTypeManager  - Loading plugin testjob
4329 [Test worker] INFO azkaban.jobtype.JobTypeManager  - Adding global resources for testjob
4329 [Test worker] INFO azkaban.jobtype.JobTypeManager  - Adding type resources.
4329 [Test worker] INFO azkaban.jobtype.JobTypeManager  - Adding type override resources.
4329 [Test worker] INFO azkaban.jobtype.JobTypeManager  - adding to classpath file:/private/var/folders/q5/6pyccsqn0492yl_9n58zkjfw0000gp/T/junit4267471055986253459/jobtypes_test/testjob/fakejobtype.jar
4329 [Test worker] INFO azkaban.jobtype.JobTypeManager  - Verifying job plugin testjob
4329 [Test worker] INFO azkaban.jobtype.JobTypeManager  - Loaded jobtype testjob azkaban.jobtype.FakeJavaJob2
4344 [Test worker] INFO azkaban.jobtype.JobTypeManager  - Loading plugin default job types
4344 [Test worker] INFO azkaban.jobtype.JobTypeManager  - Job type plugin directory set. Loading extra job types from /private/var/folders/q5/6pyccsqn0492yl_9n58zkjfw0000gp/T/junit8341194467805660075/jobtypes_test
4344 [Test worker] INFO azkaban.jobtype.JobTypeManager  - Common plugin job props file /private/var/folders/q5/6pyccsqn0492yl_9n58zkjfw0000gp/T/junit8341194467805660075/jobtypes_test/common.properties found. Attempt to load.
4344 [Test worker] INFO azkaban.jobtype.JobTypeManager  - Common plugin load props file /private/var/folders/q5/6pyccsqn0492yl_9n58zkjfw0000gp/T/junit8341194467805660075/jobtypes_test/commonprivate.properties found. Attempt to load.
4345 [Test worker] INFO azkaban.jobtype.JobTypeManager  - Loading plugin anothertestjob
4345 [Test worker] INFO azkaban.jobtype.JobTypeManager  - Adding global resources for anothertestjob
4345 [Test worker] INFO azkaban.jobtype.JobTypeManager  - Adding type resources.
4346 [Test worker] INFO azkaban.jobtype.JobTypeManager  - adding to classpath file:/Users/bianzexin/Documents/workspace/bigdata/azkaban/azkaban-common/lib/*
4346 [Test worker] INFO azkaban.jobtype.JobTypeManager  - Adding type override resources.
4346 [Test worker] INFO azkaban.jobtype.JobTypeManager  - Verifying job plugin anothertestjob
4346 [Test worker] INFO azkaban.jobtype.JobTypeManager  - Loaded jobtype anothertestjob azkaban.jobtype.FakeJavaJob
4347 [Test worker] INFO azkaban.jobtype.JobTypeManager  - Loading plugin testjob
4347 [Test worker] INFO azkaban.jobtype.JobTypeManager  - Adding global resources for testjob
4347 [Test worker] INFO azkaban.jobtype.JobTypeManager  - Adding type resources.
4347 [Test worker] INFO azkaban.jobtype.JobTypeManager  - Adding type override resources.
4348 [Test worker] INFO azkaban.jobtype.JobTypeManager  - adding to classpath file:/private/var/folders/q5/6pyccsqn0492yl_9n58zkjfw0000gp/T/junit8341194467805660075/jobtypes_test/testjob/fakejobtype.jar
4348 [Test worker] INFO azkaban.jobtype.JobTypeManager  - Verifying job plugin testjob
4348 [Test worker] INFO azkaban.jobtype.JobTypeManager  - Loaded jobtype testjob azkaban.jobtype.FakeJavaJob2
{commonprop1: commonprop1, commonprop2: commonprop2, commonprop3: commonprop3, }
4367 [Test worker] INFO azkaban.jobtype.JobTypeManager  - Loading plugin default job types
4367 [Test worker] INFO azkaban.jobtype.JobTypeManager  - Job type plugin directory set. Loading extra job types from /private/var/folders/q5/6pyccsqn0492yl_9n58zkjfw0000gp/T/junit2698021072003988259/jobtypes_test
4367 [Test worker] INFO azkaban.jobtype.JobTypeManager  - Common plugin job props file /private/var/folders/q5/6pyccsqn0492yl_9n58zkjfw0000gp/T/junit2698021072003988259/jobtypes_test/common.properties found. Attempt to load.
4367 [Test worker] INFO azkaban.jobtype.JobTypeManager  - Common plugin load props file /private/var/folders/q5/6pyccsqn0492yl_9n58zkjfw0000gp/T/junit2698021072003988259/jobtypes_test/commonprivate.properties found. Attempt to load.
4367 [Test worker] INFO azkaban.jobtype.JobTypeManager  - Loading plugin anothertestjob
4368 [Test worker] INFO azkaban.jobtype.JobTypeManager  - Adding global resources for anothertestjob
4368 [Test worker] INFO azkaban.jobtype.JobTypeManager  - Adding type resources.
4368 [Test worker] INFO azkaban.jobtype.JobTypeManager  - adding to classpath file:/Users/bianzexin/Documents/workspace/bigdata/azkaban/azkaban-common/lib/*
4368 [Test worker] INFO azkaban.jobtype.JobTypeManager  - Adding type override resources.
4368 [Test worker] INFO azkaban.jobtype.JobTypeManager  - Verifying job plugin anothertestjob
4368 [Test worker] INFO azkaban.jobtype.JobTypeManager  - Loaded jobtype anothertestjob azkaban.jobtype.FakeJavaJob
4368 [Test worker] INFO azkaban.jobtype.JobTypeManager  - Loading plugin testjob
4369 [Test worker] INFO azkaban.jobtype.JobTypeManager  - Adding global resources for testjob
4369 [Test worker] INFO azkaban.jobtype.JobTypeManager  - Adding type resources.
4369 [Test worker] INFO azkaban.jobtype.JobTypeManager  - Adding type override resources.
4369 [Test worker] INFO azkaban.jobtype.JobTypeManager  - adding to classpath file:/private/var/folders/q5/6pyccsqn0492yl_9n58zkjfw0000gp/T/junit2698021072003988259/jobtypes_test/testjob/fakejobtype.jar
4369 [Test worker] INFO azkaban.jobtype.JobTypeManager  - Verifying job plugin testjob
4369 [Test worker] INFO azkaban.jobtype.JobTypeManager  - Loaded jobtype testjob azkaban.jobtype.FakeJavaJob2
4369 [Test worker] INFO azkaban.jobtype.JobTypeManagerTest  - Building testjob job executor. 
]]></system-out>
  <system-err><![CDATA[]]></system-err>
</testsuite>
