<?xml version="1.0" encoding="UTF-8"?>
<testsuite name="azkaban.utils.MemUtilsTest" tests="2" skipped="0" failures="0" errors="0" timestamp="2016-05-10T04:22:49" hostname="zexinBian-MacBook-Pro.local" time="0.001">
  <properties/>
  <testcase name="testConversion" classname="azkaban.utils.MemUtilsTest" time="0.0"/>
  <testcase name="testBadFormat" classname="azkaban.utils.MemUtilsTest" time="0.0"/>
  <system-out><![CDATA[]]></system-out>
  <system-err><![CDATA[]]></system-err>
</testsuite>
