<?xml version="1.0" encoding="UTF-8"?>
<testsuite name="azkaban.trigger.TriggerManagerDeadlockTest" tests="1" skipped="0" failures="0" errors="0" timestamp="2016-05-10T04:22:47" hostname="zexinBian-MacBook-Pro.local" time="1.981">
  <properties/>
  <testcase name="deadlockTest" classname="azkaban.trigger.TriggerManagerDeadlockTest" time="1.981"/>
  <system-out><![CDATA[26474 [Test worker] INFO azkaban.executor.ExecutorManager  - Initializing local executor localhost:12321
26475 [AzkabanWebServer-Cleaner-Thread] INFO azkaban.executor.ExecutorManager  - Cleaning old logs from execution_logs
26475 [AzkabanWebServer-Cleaner-Thread] INFO azkaban.executor.ExecutorManager  - Cleaning old log files before 2016-02-16T12:22:47.132+08:00
26475 [AzkabanWebServer-Cleaner-Thread] INFO azkaban.executor.ExecutorManager  - Cleaned up 0 log entries.
26478 [Test worker] INFO azkaban.trigger.TriggerManager  - TriggerManager loaded.
No dead lock.
]]></system-out>
  <system-err><![CDATA[]]></system-err>
</testsuite>
