<?xml version="1.0" encoding="UTF-8"?>
<testsuite name="azkaban.jobExecutor.PythonJobTest" tests="2" skipped="2" failures="0" errors="0" timestamp="2016-05-10T04:22:23" hostname="zexinBian-MacBook-Pro.local" time="1.485">
  <properties/>
  <testcase name="testPythonJob" classname="azkaban.jobExecutor.PythonJobTest" time="0.0">
    <skipped/>
  </testcase>
  <testcase name="testPythonJob" classname="azkaban.jobExecutor.PythonJobTest" time="0.0">
    <skipped/>
  </testcase>
  <system-out><![CDATA[]]></system-out>
  <system-err><![CDATA[]]></system-err>
</testsuite>
