<?xml version="1.0" encoding="UTF-8"?>
<testsuite name="azkaban.jobExecutor.PythonJobTest" tests="2" skipped="2" failures="0" errors="0" timestamp="2016-04-13T08:41:00" hostname="zexinBian-MacBook-Pro.local" time="1.518">
  <properties/>
  <testcase name="testPythonJob" classname="azkaban.jobExecutor.PythonJobTest" time="0.0">
    <skipped/>
  </testcase>
  <testcase name="testPythonJob" classname="azkaban.jobExecutor.PythonJobTest" time="0.0">
    <skipped/>
  </testcase>
  <system-out><![CDATA[]]></system-out>
  <system-err><![CDATA[]]></system-err>
</testsuite>
