<?xml version="1.0" encoding="UTF-8"?>
<testsuite name="azkaban.utils.StringUtilsTest" tests="8" skipped="0" failures="0" errors="0" timestamp="2016-04-13T08:41:26" hostname="zexinBian-MacBook-Pro.local" time="0.005">
  <properties/>
  <testcase name="startsWithBrowserName" classname="azkaban.utils.StringUtilsTest" time="0.001"/>
  <testcase name="notBrowserWithLowercase" classname="azkaban.utils.StringUtilsTest" time="0.001"/>
  <testcase name="nullBrowserString" classname="azkaban.utils.StringUtilsTest" time="0.001"/>
  <testcase name="notBrowser" classname="azkaban.utils.StringUtilsTest" time="0.0"/>
  <testcase name="emptyBrowserString" classname="azkaban.utils.StringUtilsTest" time="0.0"/>
  <testcase name="isBrowser" classname="azkaban.utils.StringUtilsTest" time="0.0"/>
  <testcase name="endsWithBrowserName" classname="azkaban.utils.StringUtilsTest" time="0.0"/>
  <testcase name="containsBrowserName" classname="azkaban.utils.StringUtilsTest" time="0.0"/>
  <system-out><![CDATA[]]></system-out>
  <system-err><![CDATA[]]></system-err>
</testsuite>
