<?xml version="1.0" encoding="UTF-8"?>
<testsuite name="azkaban.executor.ExecutableFlowTest" tests="4" skipped="0" failures="0" errors="0" timestamp="2016-04-13T08:40:58" hostname="zexinBian-MacBook-Pro.local" time="0.127">
  <properties/>
  <testcase name="testExecutorFlowJson" classname="azkaban.executor.ExecutableFlowTest" time="0.083"/>
  <testcase name="testExecutorFlowJson2" classname="azkaban.executor.ExecutableFlowTest" time="0.021"/>
  <testcase name="testExecutorFlowUpdates" classname="azkaban.executor.ExecutableFlowTest" time="0.018"/>
  <testcase name="testExecutorFlowCreation" classname="azkaban.executor.ExecutableFlowTest" time="0.005"/>
  <system-out><![CDATA[]]></system-out>
  <system-err><![CDATA[]]></system-err>
</testsuite>
