<?xml version="1.0" encoding="UTF-8"?>
<testsuite name="azkaban.trigger.ExecuteFlowActionTest" tests="1" skipped="1" failures="0" errors="0" timestamp="2016-05-10T04:22:47" hostname="zexinBian-MacBook-Pro.local" time="0.0">
  <properties/>
  <testcase name="jsonConversionTest" classname="azkaban.trigger.ExecuteFlowActionTest" time="0.0">
    <skipped/>
  </testcase>
  <system-out><![CDATA[]]></system-out>
  <system-err><![CDATA[]]></system-err>
</testsuite>
