<?xml version="1.0" encoding="UTF-8"?>
<testsuite name="azkaban.server.HttpRequestUtilsTest" tests="6" skipped="0" failures="0" errors="0" timestamp="2016-05-10T04:22:27" hostname="zexinBian-MacBook-Pro.local" time="0.017">
  <properties/>
  <testcase name="testInvalidIntegerParam" classname="azkaban.server.HttpRequestUtilsTest" time="0.002"/>
  <testcase name="testvalidIntegerParam" classname="azkaban.server.HttpRequestUtilsTest" time="0.0"/>
  <testcase name="TestFilterAdminOnlyFlowParams" classname="azkaban.server.HttpRequestUtilsTest" time="0.006"/>
  <testcase name="TestFilterNonAdminOnlyFlowParams" classname="azkaban.server.HttpRequestUtilsTest" time="0.003"/>
  <testcase name="testHasAdminPermission" classname="azkaban.server.HttpRequestUtilsTest" time="0.003"/>
  <testcase name="testHasOrdinaryPermission" classname="azkaban.server.HttpRequestUtilsTest" time="0.003"/>
  <system-out><![CDATA[6398 [Test worker] INFO azkaban.user.XmlUserManager  - Loading user testAdmin
6399 [Test worker] INFO azkaban.user.XmlUserManager  - Loading user testUser
6402 [Test worker] INFO azkaban.user.XmlUserManager  - Loading user testAdmin
6402 [Test worker] INFO azkaban.user.XmlUserManager  - Loading user testUser
6405 [Test worker] INFO azkaban.user.XmlUserManager  - Loading user testAdmin
6405 [Test worker] INFO azkaban.user.XmlUserManager  - Loading user testUser
6409 [Test worker] INFO azkaban.user.XmlUserManager  - Loading user testAdmin
6409 [Test worker] INFO azkaban.user.XmlUserManager  - Loading user testUser
]]></system-out>
  <system-err><![CDATA[]]></system-err>
</testsuite>
