<?xml version="1.0" encoding="UTF-8"?>
<testsuite name="azkaban.trigger.BasicTimeCheckerTest" tests="1" skipped="0" failures="0" errors="0" timestamp="2016-05-10T04:22:27" hostname="zexinBian-MacBook-Pro.local" time="20.05">
  <properties/>
  <testcase name="basicTimerTest" classname="azkaban.trigger.BasicTimeCheckerTest" time="20.05"/>
  <system-out><![CDATA[BasicTimeChecket_1.eval()
6426 [Test worker] DEBUG azkaban.trigger.Condition  - Testing condition BasicTimeChecket_1.eval()
16445 [Test worker] DEBUG azkaban.trigger.Condition  - Testing condition BasicTimeChecket_1.eval()
16459 [Test worker] INFO azkaban.trigger.Condition  - Done resetting checkers. The next check time will be 2016-05-10T12:22:47.068+08:00
16459 [Test worker] DEBUG azkaban.trigger.Condition  - Testing condition BasicTimeChecket_1.eval()
26460 [Test worker] DEBUG azkaban.trigger.Condition  - Testing condition BasicTimeChecket_1.eval()
]]></system-out>
  <system-err><![CDATA[]]></system-err>
</testsuite>
