<?xml version="1.0" encoding="UTF-8"?>
<testsuite name="azkaban.jobtype.JobTypeManagerTest" tests="5" skipped="0" failures="0" errors="0" timestamp="2016-05-10T04:22:24" hostname="zexinBian-MacBook-Pro.local" time="0.107">
  <properties/>
  <testcase name="testBuildClass" classname="azkaban.jobtype.JobTypeManagerTest" time="0.043"/>
  <testcase name="testLoadedClasses" classname="azkaban.jobtype.JobTypeManagerTest" time="0.013"/>
  <testcase name="testResetPlugins" classname="azkaban.jobtype.JobTypeManagerTest" time="0.025"/>
  <testcase name="testCommonPluginProps" classname="azkaban.jobtype.JobTypeManagerTest" time="0.013"/>
  <testcase name="testBuildClass2" classname="azkaban.jobtype.JobTypeManagerTest" time="0.013"/>
  <system-out><![CDATA[4153 [Test worker] INFO azkaban.jobtype.JobTypeManager  - Loading plugin default job types
4154 [Test worker] INFO azkaban.jobtype.JobTypeManager  - Job type plugin directory set. Loading extra job types from /private/var/folders/q5/6pyccsqn0492yl_9n58zkjfw0000gp/T/junit3079479255440296482/jobtypes_test
4154 [Test worker] INFO azkaban.jobtype.JobTypeManager  - Common plugin job props file /private/var/folders/q5/6pyccsqn0492yl_9n58zkjfw0000gp/T/junit3079479255440296482/jobtypes_test/common.properties found. Attempt to load.
4154 [Test worker] INFO azkaban.jobtype.JobTypeManager  - Common plugin load props file /private/var/folders/q5/6pyccsqn0492yl_9n58zkjfw0000gp/T/junit3079479255440296482/jobtypes_test/commonprivate.properties found. Attempt to load.
4154 [Test worker] INFO azkaban.jobtype.JobTypeManager  - Loading plugin anothertestjob
4155 [Test worker] INFO azkaban.jobtype.JobTypeManager  - Adding global resources for anothertestjob
4155 [Test worker] INFO azkaban.jobtype.JobTypeManager  - Adding type resources.
4155 [Test worker] INFO azkaban.jobtype.JobTypeManager  - adding to classpath file:/Users/bianzexin/Documents/workspace/bigdata/azkaban/azkaban-common/lib/*
4155 [Test worker] INFO azkaban.jobtype.JobTypeManager  - Adding type override resources.
4156 [Test worker] INFO azkaban.jobtype.JobTypeManager  - Verifying job plugin anothertestjob
4156 [Test worker] INFO azkaban.jobtype.JobTypeManager  - Loaded jobtype anothertestjob azkaban.jobtype.FakeJavaJob
4156 [Test worker] INFO azkaban.jobtype.JobTypeManager  - Loading plugin testjob
4156 [Test worker] INFO azkaban.jobtype.JobTypeManager  - Adding global resources for testjob
4156 [Test worker] INFO azkaban.jobtype.JobTypeManager  - Adding type resources.
4156 [Test worker] INFO azkaban.jobtype.JobTypeManager  - Adding type override resources.
4157 [Test worker] INFO azkaban.jobtype.JobTypeManager  - adding to classpath file:/private/var/folders/q5/6pyccsqn0492yl_9n58zkjfw0000gp/T/junit3079479255440296482/jobtypes_test/testjob/fakejobtype.jar
4157 [Test worker] INFO azkaban.jobtype.JobTypeManager  - Verifying job plugin testjob
4157 [Test worker] INFO azkaban.jobtype.JobTypeManager  - Loaded jobtype testjob azkaban.jobtype.FakeJavaJob2
4157 [Test worker] INFO azkaban.jobtype.JobTypeManagerTest  - Building anothertestjob job executor. 
4168 [Test worker] INFO azkaban.jobtype.JobTypeManager  - Loading plugin default job types
4168 [Test worker] INFO azkaban.jobtype.JobTypeManager  - Job type plugin directory set. Loading extra job types from /private/var/folders/q5/6pyccsqn0492yl_9n58zkjfw0000gp/T/junit4708655471032161621/jobtypes_test
4169 [Test worker] INFO azkaban.jobtype.JobTypeManager  - Common plugin job props file /private/var/folders/q5/6pyccsqn0492yl_9n58zkjfw0000gp/T/junit4708655471032161621/jobtypes_test/common.properties found. Attempt to load.
4169 [Test worker] INFO azkaban.jobtype.JobTypeManager  - Common plugin load props file /private/var/folders/q5/6pyccsqn0492yl_9n58zkjfw0000gp/T/junit4708655471032161621/jobtypes_test/commonprivate.properties found. Attempt to load.
4169 [Test worker] INFO azkaban.jobtype.JobTypeManager  - Loading plugin anothertestjob
4169 [Test worker] INFO azkaban.jobtype.JobTypeManager  - Adding global resources for anothertestjob
4169 [Test worker] INFO azkaban.jobtype.JobTypeManager  - Adding type resources.
4169 [Test worker] INFO azkaban.jobtype.JobTypeManager  - adding to classpath file:/Users/bianzexin/Documents/workspace/bigdata/azkaban/azkaban-common/lib/*
4170 [Test worker] INFO azkaban.jobtype.JobTypeManager  - Adding type override resources.
4170 [Test worker] INFO azkaban.jobtype.JobTypeManager  - Verifying job plugin anothertestjob
4170 [Test worker] INFO azkaban.jobtype.JobTypeManager  - Loaded jobtype anothertestjob azkaban.jobtype.FakeJavaJob
4170 [Test worker] INFO azkaban.jobtype.JobTypeManager  - Loading plugin testjob
4170 [Test worker] INFO azkaban.jobtype.JobTypeManager  - Adding global resources for testjob
4170 [Test worker] INFO azkaban.jobtype.JobTypeManager  - Adding type resources.
4170 [Test worker] INFO azkaban.jobtype.JobTypeManager  - Adding type override resources.
4171 [Test worker] INFO azkaban.jobtype.JobTypeManager  - adding to classpath file:/private/var/folders/q5/6pyccsqn0492yl_9n58zkjfw0000gp/T/junit4708655471032161621/jobtypes_test/testjob/fakejobtype.jar
4171 [Test worker] INFO azkaban.jobtype.JobTypeManager  - Verifying job plugin testjob
4171 [Test worker] INFO azkaban.jobtype.JobTypeManager  - Loaded jobtype testjob azkaban.jobtype.FakeJavaJob2
{commonprop1: commonprop1, commonprop2: commonprop2, commonprop3: commonprop3, }
4182 [Test worker] INFO azkaban.jobtype.JobTypeManager  - Loading plugin default job types
4182 [Test worker] INFO azkaban.jobtype.JobTypeManager  - Job type plugin directory set. Loading extra job types from /private/var/folders/q5/6pyccsqn0492yl_9n58zkjfw0000gp/T/junit2776841622268297478/jobtypes_test
4182 [Test worker] INFO azkaban.jobtype.JobTypeManager  - Common plugin job props file /private/var/folders/q5/6pyccsqn0492yl_9n58zkjfw0000gp/T/junit2776841622268297478/jobtypes_test/common.properties found. Attempt to load.
4182 [Test worker] INFO azkaban.jobtype.JobTypeManager  - Common plugin load props file /private/var/folders/q5/6pyccsqn0492yl_9n58zkjfw0000gp/T/junit2776841622268297478/jobtypes_test/commonprivate.properties found. Attempt to load.
4182 [Test worker] INFO azkaban.jobtype.JobTypeManager  - Loading plugin anothertestjob
4183 [Test worker] INFO azkaban.jobtype.JobTypeManager  - Adding global resources for anothertestjob
4183 [Test worker] INFO azkaban.jobtype.JobTypeManager  - Adding type resources.
4183 [Test worker] INFO azkaban.jobtype.JobTypeManager  - adding to classpath file:/Users/bianzexin/Documents/workspace/bigdata/azkaban/azkaban-common/lib/*
4183 [Test worker] INFO azkaban.jobtype.JobTypeManager  - Adding type override resources.
4183 [Test worker] INFO azkaban.jobtype.JobTypeManager  - Verifying job plugin anothertestjob
4183 [Test worker] INFO azkaban.jobtype.JobTypeManager  - Loaded jobtype anothertestjob azkaban.jobtype.FakeJavaJob
4183 [Test worker] INFO azkaban.jobtype.JobTypeManager  - Loading plugin testjob
4184 [Test worker] INFO azkaban.jobtype.JobTypeManager  - Adding global resources for testjob
4184 [Test worker] INFO azkaban.jobtype.JobTypeManager  - Adding type resources.
4184 [Test worker] INFO azkaban.jobtype.JobTypeManager  - Adding type override resources.
4184 [Test worker] INFO azkaban.jobtype.JobTypeManager  - adding to classpath file:/private/var/folders/q5/6pyccsqn0492yl_9n58zkjfw0000gp/T/junit2776841622268297478/jobtypes_test/testjob/fakejobtype.jar
4184 [Test worker] INFO azkaban.jobtype.JobTypeManager  - Verifying job plugin testjob
4184 [Test worker] INFO azkaban.jobtype.JobTypeManager  - Loaded jobtype testjob azkaban.jobtype.FakeJavaJob2
4191 [Test worker] INFO azkaban.jobtype.JobTypeManager  - Loading plugin default job types
4191 [Test worker] INFO azkaban.jobtype.JobTypeManager  - Job type plugin directory set. Loading extra job types from /private/var/folders/q5/6pyccsqn0492yl_9n58zkjfw0000gp/T/junit2776841622268297478/jobtypes_test
4191 [Test worker] INFO azkaban.jobtype.JobTypeManager  - Common plugin job props file /private/var/folders/q5/6pyccsqn0492yl_9n58zkjfw0000gp/T/junit2776841622268297478/jobtypes_test/common.properties found. Attempt to load.
4192 [Test worker] INFO azkaban.jobtype.JobTypeManager  - Common plugin load props file /private/var/folders/q5/6pyccsqn0492yl_9n58zkjfw0000gp/T/junit2776841622268297478/jobtypes_test/commonprivate.properties found. Attempt to load.
4192 [Test worker] INFO azkaban.jobtype.JobTypeManager  - Loading plugin anothertestjob
4192 [Test worker] INFO azkaban.jobtype.JobTypeManager  - Adding global resources for anothertestjob
4192 [Test worker] INFO azkaban.jobtype.JobTypeManager  - Adding type resources.
4193 [Test worker] INFO azkaban.jobtype.JobTypeManager  - adding to classpath file:/Users/bianzexin/Documents/workspace/bigdata/azkaban/azkaban-common/lib/*
4193 [Test worker] INFO azkaban.jobtype.JobTypeManager  - Adding type override resources.
4193 [Test worker] INFO azkaban.jobtype.JobTypeManager  - Verifying job plugin anothertestjob
4193 [Test worker] INFO azkaban.jobtype.JobTypeManager  - Loaded jobtype anothertestjob azkaban.jobtype.FakeJavaJob
4193 [Test worker] INFO azkaban.jobtype.JobTypeManager  - Loading plugin newtestjob
4194 [Test worker] INFO azkaban.jobtype.JobTypeManager  - Adding global resources for newtestjob
4194 [Test worker] INFO azkaban.jobtype.JobTypeManager  - Adding type resources.
4194 [Test worker] INFO azkaban.jobtype.JobTypeManager  - Adding type override resources.
4194 [Test worker] INFO azkaban.jobtype.JobTypeManager  - adding to classpath file:/private/var/folders/q5/6pyccsqn0492yl_9n58zkjfw0000gp/T/junit2776841622268297478/jobtypes_test/newtestjob/fakejobtype.jar
4194 [Test worker] INFO azkaban.jobtype.JobTypeManager  - Verifying job plugin newtestjob
4194 [Test worker] INFO azkaban.jobtype.JobTypeManager  - Loaded jobtype newtestjob azkaban.jobtype.FakeJavaJob2
4195 [Test worker] INFO azkaban.jobtype.JobTypeManager  - Loading plugin testjob
4195 [Test worker] INFO azkaban.jobtype.JobTypeManager  - Adding global resources for testjob
4195 [Test worker] INFO azkaban.jobtype.JobTypeManager  - Adding type resources.
4195 [Test worker] INFO azkaban.jobtype.JobTypeManager  - Adding type override resources.
4196 [Test worker] INFO azkaban.jobtype.JobTypeManager  - adding to classpath file:/private/var/folders/q5/6pyccsqn0492yl_9n58zkjfw0000gp/T/junit2776841622268297478/jobtypes_test/testjob/fakejobtype.jar
4196 [Test worker] INFO azkaban.jobtype.JobTypeManager  - Verifying job plugin testjob
4196 [Test worker] INFO azkaban.jobtype.JobTypeManager  - Loaded jobtype testjob azkaban.jobtype.FakeJavaJob2
4206 [Test worker] INFO azkaban.jobtype.JobTypeManager  - Loading plugin default job types
4206 [Test worker] INFO azkaban.jobtype.JobTypeManager  - Job type plugin directory set. Loading extra job types from /private/var/folders/q5/6pyccsqn0492yl_9n58zkjfw0000gp/T/junit8261045699305421140/jobtypes_test
4206 [Test worker] INFO azkaban.jobtype.JobTypeManager  - Common plugin job props file /private/var/folders/q5/6pyccsqn0492yl_9n58zkjfw0000gp/T/junit8261045699305421140/jobtypes_test/common.properties found. Attempt to load.
4206 [Test worker] INFO azkaban.jobtype.JobTypeManager  - Common plugin load props file /private/var/folders/q5/6pyccsqn0492yl_9n58zkjfw0000gp/T/junit8261045699305421140/jobtypes_test/commonprivate.properties found. Attempt to load.
4206 [Test worker] INFO azkaban.jobtype.JobTypeManager  - Loading plugin anothertestjob
4207 [Test worker] INFO azkaban.jobtype.JobTypeManager  - Adding global resources for anothertestjob
4207 [Test worker] INFO azkaban.jobtype.JobTypeManager  - Adding type resources.
4207 [Test worker] INFO azkaban.jobtype.JobTypeManager  - adding to classpath file:/Users/bianzexin/Documents/workspace/bigdata/azkaban/azkaban-common/lib/*
4207 [Test worker] INFO azkaban.jobtype.JobTypeManager  - Adding type override resources.
4207 [Test worker] INFO azkaban.jobtype.JobTypeManager  - Verifying job plugin anothertestjob
4207 [Test worker] INFO azkaban.jobtype.JobTypeManager  - Loaded jobtype anothertestjob azkaban.jobtype.FakeJavaJob
4207 [Test worker] INFO azkaban.jobtype.JobTypeManager  - Loading plugin testjob
4208 [Test worker] INFO azkaban.jobtype.JobTypeManager  - Adding global resources for testjob
4208 [Test worker] INFO azkaban.jobtype.JobTypeManager  - Adding type resources.
4208 [Test worker] INFO azkaban.jobtype.JobTypeManager  - Adding type override resources.
4208 [Test worker] INFO azkaban.jobtype.JobTypeManager  - adding to classpath file:/private/var/folders/q5/6pyccsqn0492yl_9n58zkjfw0000gp/T/junit8261045699305421140/jobtypes_test/testjob/fakejobtype.jar
4208 [Test worker] INFO azkaban.jobtype.JobTypeManager  - Verifying job plugin testjob
4208 [Test worker] INFO azkaban.jobtype.JobTypeManager  - Loaded jobtype testjob azkaban.jobtype.FakeJavaJob2
{commonprop1: commonprop1, commonprop2: commonprop2, commonprop3: commonprop3, }
4220 [Test worker] INFO azkaban.jobtype.JobTypeManager  - Loading plugin default job types
4220 [Test worker] INFO azkaban.jobtype.JobTypeManager  - Job type plugin directory set. Loading extra job types from /private/var/folders/q5/6pyccsqn0492yl_9n58zkjfw0000gp/T/junit3355894295520745346/jobtypes_test
4220 [Test worker] INFO azkaban.jobtype.JobTypeManager  - Common plugin job props file /private/var/folders/q5/6pyccsqn0492yl_9n58zkjfw0000gp/T/junit3355894295520745346/jobtypes_test/common.properties found. Attempt to load.
4220 [Test worker] INFO azkaban.jobtype.JobTypeManager  - Common plugin load props file /private/var/folders/q5/6pyccsqn0492yl_9n58zkjfw0000gp/T/junit3355894295520745346/jobtypes_test/commonprivate.properties found. Attempt to load.
4220 [Test worker] INFO azkaban.jobtype.JobTypeManager  - Loading plugin anothertestjob
4221 [Test worker] INFO azkaban.jobtype.JobTypeManager  - Adding global resources for anothertestjob
4221 [Test worker] INFO azkaban.jobtype.JobTypeManager  - Adding type resources.
4221 [Test worker] INFO azkaban.jobtype.JobTypeManager  - adding to classpath file:/Users/bianzexin/Documents/workspace/bigdata/azkaban/azkaban-common/lib/*
4221 [Test worker] INFO azkaban.jobtype.JobTypeManager  - Adding type override resources.
4221 [Test worker] INFO azkaban.jobtype.JobTypeManager  - Verifying job plugin anothertestjob
4221 [Test worker] INFO azkaban.jobtype.JobTypeManager  - Loaded jobtype anothertestjob azkaban.jobtype.FakeJavaJob
4221 [Test worker] INFO azkaban.jobtype.JobTypeManager  - Loading plugin testjob
4221 [Test worker] INFO azkaban.jobtype.JobTypeManager  - Adding global resources for testjob
4221 [Test worker] INFO azkaban.jobtype.JobTypeManager  - Adding type resources.
4221 [Test worker] INFO azkaban.jobtype.JobTypeManager  - Adding type override resources.
4222 [Test worker] INFO azkaban.jobtype.JobTypeManager  - adding to classpath file:/private/var/folders/q5/6pyccsqn0492yl_9n58zkjfw0000gp/T/junit3355894295520745346/jobtypes_test/testjob/fakejobtype.jar
4222 [Test worker] INFO azkaban.jobtype.JobTypeManager  - Verifying job plugin testjob
4222 [Test worker] INFO azkaban.jobtype.JobTypeManager  - Loaded jobtype testjob azkaban.jobtype.FakeJavaJob2
4222 [Test worker] INFO azkaban.jobtype.JobTypeManagerTest  - Building testjob job executor. 
]]></system-out>
  <system-err><![CDATA[]]></system-err>
</testsuite>
