<?xml version="1.0" encoding="UTF-8"?>
<testsuite name="azkaban.jobcallback.JobCallbackValidatorTest" tests="9" skipped="0" failures="0" errors="0" timestamp="2016-05-10T04:22:21" hostname="zexinBian-MacBook-Pro.local" time="0.011">
  <properties/>
  <testcase name="noJobCallbackProps" classname="azkaban.jobcallback.JobCallbackValidatorTest" time="0.003"/>
  <testcase name="multipleGetJobCallbackWithGap" classname="azkaban.jobcallback.JobCallbackValidatorTest" time="0.001"/>
  <testcase name="sequenceStartWithZeroProps" classname="azkaban.jobcallback.JobCallbackValidatorTest" time="0.0"/>
  <testcase name="multiplePostJobCallbacks" classname="azkaban.jobcallback.JobCallbackValidatorTest" time="0.001"/>
  <testcase name="postBodyLengthTooLargeTest" classname="azkaban.jobcallback.JobCallbackValidatorTest" time="0.0"/>
  <testcase name="onePostJobCallback" classname="azkaban.jobcallback.JobCallbackValidatorTest" time="0.0"/>
  <testcase name="oneGetJobCallback" classname="azkaban.jobcallback.JobCallbackValidatorTest" time="0.003"/>
  <testcase name="multipleGetJobCallbacks" classname="azkaban.jobcallback.JobCallbackValidatorTest" time="0.001"/>
  <testcase name="noPostBodyJobCallback" classname="azkaban.jobcallback.JobCallbackValidatorTest" time="0.0"/>
  <system-out><![CDATA[939 [Test worker] DEBUG azkaban.jobcallback.JobCallbackValidator  - Found 0 job callbacks for job bogusJob
940 [Test worker] DEBUG azkaban.jobcallback.JobCallbackValidator  - Found 2 job callbacks for job bogusJob
940 [Test worker] DEBUG azkaban.jobcallback.JobCallbackValidator  - Found 1 job callbacks for job bogusJob
941 [Test worker] DEBUG azkaban.jobcallback.JobCallbackValidator  - Found 2 job callbacks for job bogusJob
941 [Test worker] DEBUG azkaban.jobcallback.JobCallbackValidator  - Found 0 job callbacks for job bogusJob
[POST body length is : 26 which is larger than supported length of 20]
942 [Test worker] DEBUG azkaban.jobcallback.JobCallbackValidator  - Found 1 job callbacks for job bogusJob
945 [Test worker] DEBUG azkaban.jobcallback.JobCallbackValidator  - Found 1 job callbacks for job bogusJob
947 [Test worker] DEBUG azkaban.jobcallback.JobCallbackValidator  - Found 2 job callbacks for job bogusJob
947 [Test worker] DEBUG azkaban.jobcallback.JobCallbackValidator  - Found 0 job callbacks for job bogusJob
[No POST body was specified for job callback 'http://www.linkedin.com']
]]></system-out>
  <system-err><![CDATA[]]></system-err>
</testsuite>
