<?xml version="1.0" encoding="UTF-8"?>
<testsuite name="azkaban.executor.ExecutableFlowTest" tests="4" skipped="0" failures="0" errors="0" timestamp="2016-05-10T04:22:20" hostname="zexinBian-MacBook-Pro.local" time="0.119">
  <properties/>
  <testcase name="testExecutorFlowJson" classname="azkaban.executor.ExecutableFlowTest" time="0.073"/>
  <testcase name="testExecutorFlowJson2" classname="azkaban.executor.ExecutableFlowTest" time="0.021"/>
  <testcase name="testExecutorFlowUpdates" classname="azkaban.executor.ExecutableFlowTest" time="0.018"/>
  <testcase name="testExecutorFlowCreation" classname="azkaban.executor.ExecutableFlowTest" time="0.006"/>
  <system-out><![CDATA[]]></system-out>
  <system-err><![CDATA[]]></system-err>
</testsuite>
