<?xml version="1.0" encoding="UTF-8"?>
<testsuite name="azkaban.project.validator.ValidationReportTest" tests="3" skipped="0" failures="0" errors="0" timestamp="2016-05-10T04:22:26" hostname="zexinBian-MacBook-Pro.local" time="0.004">
  <properties/>
  <testcase name="testAddMsgs" classname="azkaban.project.validator.ValidationReportTest" time="0.001"/>
  <testcase name="testAddErrorLevelInfoMsg" classname="azkaban.project.validator.ValidationReportTest" time="0.0"/>
  <testcase name="testAddWarnLevelInfoMsg" classname="azkaban.project.validator.ValidationReportTest" time="0.001"/>
  <system-out><![CDATA[]]></system-out>
  <system-err><![CDATA[]]></system-err>
</testsuite>
