<?xml version="1.0" encoding="UTF-8"?>
<testsuite name="azkaban.database.AzkabanDatabaseUpdaterTest" tests="2" skipped="1" failures="0" errors="0" timestamp="2016-05-10T04:22:20" hostname="zexinBian-MacBook-Pro.local" time="0.048">
  <properties/>
  <testcase name="testH2AutoCreate" classname="azkaban.database.AzkabanDatabaseUpdaterTest" time="0.048"/>
  <testcase name="testMySQLAutoCreate" classname="azkaban.database.AzkabanDatabaseUpdaterTest" time="0.0">
    <skipped/>
  </testcase>
  <system-out><![CDATA[1.***Now testing check
2.***Now testing update
3.***Now testing check again
4.***Now testing update again
5.***Now testing check again
]]></system-out>
  <system-err><![CDATA[log4j:WARN No appenders could be found for logger (azkaban.server.AzkabanServer).
log4j:WARN Please initialize the log4j system properly.
log4j:WARN See http://logging.apache.org/log4j/1.2/faq.html#noconfig for more info.
]]></system-err>
</testsuite>
