<?xml version="1.0" encoding="UTF-8"?>
<testsuite name="azkaban.executor.ExecutableFlowPriorityComparatorTest" tests="4" skipped="0" failures="0" errors="0" timestamp="2016-05-10T04:22:20" hostname="zexinBian-MacBook-Pro.local" time="0.299">
  <properties/>
  <testcase name="testMixedSpecifiedPriorities" classname="azkaban.executor.ExecutableFlowPriorityComparatorTest" time="0.278"/>
  <testcase name="testEqualPriorities" classname="azkaban.executor.ExecutableFlowPriorityComparatorTest" time="0.007"/>
  <testcase name="testEqualUpdateTimeAndPriority" classname="azkaban.executor.ExecutableFlowPriorityComparatorTest" time="0.007"/>
  <testcase name="testExplicitlySpecifiedPriorities" classname="azkaban.executor.ExecutableFlowPriorityComparatorTest" time="0.006"/>
  <system-out><![CDATA[]]></system-out>
  <system-err><![CDATA[]]></system-err>
</testsuite>
