<?xml version="1.0" encoding="UTF-8"?>
<testsuite name="azkaban.executor.JdbcExecutorLoaderTest" tests="30" skipped="3" failures="0" errors="0" timestamp="2016-05-10T04:22:21" hostname="zexinBian-MacBook-Pro.local" time="0.021">
  <properties/>
  <testcase name="testMissingExecutorUpdate" classname="azkaban.executor.JdbcExecutorLoaderTest" time="0.0"/>
  <testcase name="testExecutorActivation" classname="azkaban.executor.JdbcExecutorLoaderTest" time="0.0"/>
  <testcase name="testFetchActiveExecutors" classname="azkaban.executor.JdbcExecutorLoaderTest" time="0.0"/>
  <testcase name="testFetchAllExecutors" classname="azkaban.executor.JdbcExecutorLoaderTest" time="0.0"/>
  <testcase name="testSingleExecutorFetchById" classname="azkaban.executor.JdbcExecutorLoaderTest" time="0.0"/>
  <testcase name="testDuplicateAddExecutor" classname="azkaban.executor.JdbcExecutorLoaderTest" time="0.0"/>
  <testcase name="testFetchNoQueuedFlows" classname="azkaban.executor.JdbcExecutorLoaderTest" time="0.001"/>
  <testcase name="testExecutorInactivation" classname="azkaban.executor.JdbcExecutorLoaderTest" time="0.0"/>
  <testcase name="testAssignAndFetchExecutor" classname="azkaban.executor.JdbcExecutorLoaderTest" time="0.001"/>
  <testcase name="testUnassignExecutorException" classname="azkaban.executor.JdbcExecutorLoaderTest" time="0.0"/>
  <testcase name="testLargeUploadLog" classname="azkaban.executor.JdbcExecutorLoaderTest" time="0.0">
    <skipped/>
  </testcase>
  <testcase name="testActiveReference" classname="azkaban.executor.JdbcExecutorLoaderTest" time="0.0"/>
  <testcase name="testFetchEmptyExecutorEvents" classname="azkaban.executor.JdbcExecutorLoaderTest" time="0.0"/>
  <testcase name="testUpdateExecutionFlows" classname="azkaban.executor.JdbcExecutorLoaderTest" time="0.0"/>
  <testcase name="testFetchExecutorByQueuedExecution" classname="azkaban.executor.JdbcExecutorLoaderTest" time="0.0"/>
  <testcase name="testFetchQueuedFlows" classname="azkaban.executor.JdbcExecutorLoaderTest" time="0.0"/>
  <testcase name="testFetchMissingExecutorByExecution" classname="azkaban.executor.JdbcExecutorLoaderTest" time="0.002"/>
  <testcase name="testAssignExecutorInvalidExecutor" classname="azkaban.executor.JdbcExecutorLoaderTest" time="0.0"/>
  <testcase name="testExecutorEvents" classname="azkaban.executor.JdbcExecutorLoaderTest" time="0.0"/>
  <testcase name="testFetchMissingExecutorId" classname="azkaban.executor.JdbcExecutorLoaderTest" time="0.0"/>
  <testcase name="testAssignExecutorInvalidExecution" classname="azkaban.executor.JdbcExecutorLoaderTest" time="0.0"/>
  <testcase name="testUnassignExecutor" classname="azkaban.executor.JdbcExecutorLoaderTest" time="0.0"/>
  <testcase name="testRemoveExecutionLogsByTime" classname="azkaban.executor.JdbcExecutorLoaderTest" time="0.0">
    <skipped/>
  </testcase>
  <testcase name="testSmallUploadLog" classname="azkaban.executor.JdbcExecutorLoaderTest" time="0.0">
    <skipped/>
  </testcase>
  <testcase name="testFetchEmptyExecutors" classname="azkaban.executor.JdbcExecutorLoaderTest" time="0.0"/>
  <testcase name="testUploadExecutionFlows" classname="azkaban.executor.JdbcExecutorLoaderTest" time="0.0"/>
  <testcase name="testFetchMissingExecutorHostPort" classname="azkaban.executor.JdbcExecutorLoaderTest" time="0.0"/>
  <testcase name="testFetchEmptyActiveExecutors" classname="azkaban.executor.JdbcExecutorLoaderTest" time="0.0"/>
  <testcase name="testUploadExecutableNode" classname="azkaban.executor.JdbcExecutorLoaderTest" time="0.0"/>
  <testcase name="testSingleExecutorFetchHostPort" classname="azkaban.executor.JdbcExecutorLoaderTest" time="0.0"/>
  <system-out><![CDATA[]]></system-out>
  <system-err><![CDATA[org.apache.commons.dbcp.SQLNestedException: Cannot create PoolableConnectionFactory (Communications link failure

The last packet sent successfully to the server was 0 milliseconds ago. The driver has not received any packets from the server.)
	at org.apache.commons.dbcp.BasicDataSource.createPoolableConnectionFactory(BasicDataSource.java:1549)
	at org.apache.commons.dbcp.BasicDataSource.createDataSource(BasicDataSource.java:1388)
	at org.apache.commons.dbcp.BasicDataSource.getConnection(BasicDataSource.java:1044)
	at azkaban.executor.JdbcExecutorLoaderTest.setupDB(JdbcExecutorLoaderTest.java:76)
	at sun.reflect.NativeMethodAccessorImpl.invoke0(Native Method)
	at sun.reflect.NativeMethodAccessorImpl.invoke(NativeMethodAccessorImpl.java:57)
	at sun.reflect.DelegatingMethodAccessorImpl.invoke(DelegatingMethodAccessorImpl.java:43)
	at java.lang.reflect.Method.invoke(Method.java:606)
	at org.junit.runners.model.FrameworkMethod$1.runReflectiveCall(FrameworkMethod.java:47)
	at org.junit.internal.runners.model.ReflectiveCallable.run(ReflectiveCallable.java:12)
	at org.junit.runners.model.FrameworkMethod.invokeExplosively(FrameworkMethod.java:44)
	at org.junit.internal.runners.statements.RunBefores.evaluate(RunBefores.java:24)
	at org.junit.runners.ParentRunner.run(ParentRunner.java:309)
	at org.gradle.api.internal.tasks.testing.junit.JUnitTestClassExecuter.runTestClass(JUnitTestClassExecuter.java:105)
	at org.gradle.api.internal.tasks.testing.junit.JUnitTestClassExecuter.execute(JUnitTestClassExecuter.java:56)
	at org.gradle.api.internal.tasks.testing.junit.JUnitTestClassProcessor.processTestClass(JUnitTestClassProcessor.java:64)
	at org.gradle.api.internal.tasks.testing.SuiteTestClassProcessor.processTestClass(SuiteTestClassProcessor.java:50)
	at sun.reflect.NativeMethodAccessorImpl.invoke0(Native Method)
	at sun.reflect.NativeMethodAccessorImpl.invoke(NativeMethodAccessorImpl.java:57)
	at sun.reflect.DelegatingMethodAccessorImpl.invoke(DelegatingMethodAccessorImpl.java:43)
	at java.lang.reflect.Method.invoke(Method.java:606)
	at org.gradle.messaging.dispatch.ReflectionDispatch.dispatch(ReflectionDispatch.java:35)
	at org.gradle.messaging.dispatch.ReflectionDispatch.dispatch(ReflectionDispatch.java:24)
	at org.gradle.messaging.dispatch.ContextClassLoaderDispatch.dispatch(ContextClassLoaderDispatch.java:32)
	at org.gradle.messaging.dispatch.ProxyDispatchAdapter$DispatchingInvocationHandler.invoke(ProxyDispatchAdapter.java:93)
	at com.sun.proxy.$Proxy2.processTestClass(Unknown Source)
	at org.gradle.api.internal.tasks.testing.worker.TestWorker.processTestClass(TestWorker.java:106)
	at sun.reflect.NativeMethodAccessorImpl.invoke0(Native Method)
	at sun.reflect.NativeMethodAccessorImpl.invoke(NativeMethodAccessorImpl.java:57)
	at sun.reflect.DelegatingMethodAccessorImpl.invoke(DelegatingMethodAccessorImpl.java:43)
	at java.lang.reflect.Method.invoke(Method.java:606)
	at org.gradle.messaging.dispatch.ReflectionDispatch.dispatch(ReflectionDispatch.java:35)
	at org.gradle.messaging.dispatch.ReflectionDispatch.dispatch(ReflectionDispatch.java:24)
	at org.gradle.messaging.remote.internal.hub.MessageHub$Handler.run(MessageHub.java:360)
	at org.gradle.internal.concurrent.ExecutorPolicy$CatchAndRecordFailures.onExecute(ExecutorPolicy.java:54)
	at org.gradle.internal.concurrent.StoppableExecutorImpl$1.run(StoppableExecutorImpl.java:40)
	at java.util.concurrent.ThreadPoolExecutor.runWorker(ThreadPoolExecutor.java:1145)
	at java.util.concurrent.ThreadPoolExecutor$Worker.run(ThreadPoolExecutor.java:615)
	at java.lang.Thread.run(Thread.java:745)
Caused by: com.mysql.jdbc.exceptions.jdbc4.CommunicationsException: Communications link failure

The last packet sent successfully to the server was 0 milliseconds ago. The driver has not received any packets from the server.
	at sun.reflect.NativeConstructorAccessorImpl.newInstance0(Native Method)
	at sun.reflect.NativeConstructorAccessorImpl.newInstance(NativeConstructorAccessorImpl.java:57)
	at sun.reflect.DelegatingConstructorAccessorImpl.newInstance(DelegatingConstructorAccessorImpl.java:45)
	at java.lang.reflect.Constructor.newInstance(Constructor.java:526)
	at com.mysql.jdbc.Util.handleNewInstance(Util.java:411)
	at com.mysql.jdbc.SQLError.createCommunicationsException(SQLError.java:1129)
	at com.mysql.jdbc.MysqlIO.<init>(MysqlIO.java:358)
	at com.mysql.jdbc.ConnectionImpl.coreConnect(ConnectionImpl.java:2489)
	at com.mysql.jdbc.ConnectionImpl.connectOneTryOnly(ConnectionImpl.java:2526)
	at com.mysql.jdbc.ConnectionImpl.createNewIO(ConnectionImpl.java:2311)
	at com.mysql.jdbc.ConnectionImpl.<init>(ConnectionImpl.java:834)
	at com.mysql.jdbc.JDBC4Connection.<init>(JDBC4Connection.java:47)
	at sun.reflect.NativeConstructorAccessorImpl.newInstance0(Native Method)
	at sun.reflect.NativeConstructorAccessorImpl.newInstance(NativeConstructorAccessorImpl.java:57)
	at sun.reflect.DelegatingConstructorAccessorImpl.newInstance(DelegatingConstructorAccessorImpl.java:45)
	at java.lang.reflect.Constructor.newInstance(Constructor.java:526)
	at com.mysql.jdbc.Util.handleNewInstance(Util.java:411)
	at com.mysql.jdbc.ConnectionImpl.getInstance(ConnectionImpl.java:416)
	at com.mysql.jdbc.NonRegisteringDriver.connect(NonRegisteringDriver.java:347)
	at org.apache.commons.dbcp.DriverConnectionFactory.createConnection(DriverConnectionFactory.java:38)
	at org.apache.commons.dbcp.PoolableConnectionFactory.makeObject(PoolableConnectionFactory.java:582)
	at org.apache.commons.dbcp.BasicDataSource.validateConnectionFactory(BasicDataSource.java:1556)
	at org.apache.commons.dbcp.BasicDataSource.createPoolableConnectionFactory(BasicDataSource.java:1545)
	... 38 more
Caused by: java.net.ConnectException: Connection refused
	at java.net.PlainSocketImpl.socketConnect(Native Method)
	at java.net.AbstractPlainSocketImpl.doConnect(AbstractPlainSocketImpl.java:339)
	at java.net.AbstractPlainSocketImpl.connectToAddress(AbstractPlainSocketImpl.java:200)
	at java.net.AbstractPlainSocketImpl.connect(AbstractPlainSocketImpl.java:182)
	at java.net.SocksSocketImpl.connect(SocksSocketImpl.java:392)
	at java.net.Socket.connect(Socket.java:579)
	at java.net.Socket.connect(Socket.java:528)
	at java.net.Socket.<init>(Socket.java:425)
	at java.net.Socket.<init>(Socket.java:241)
	at com.mysql.jdbc.StandardSocketFactory.connect(StandardSocketFactory.java:256)
	at com.mysql.jdbc.MysqlIO.<init>(MysqlIO.java:308)
	... 54 more
org.apache.commons.dbcp.SQLNestedException: Cannot create PoolableConnectionFactory (Communications link failure

The last packet sent successfully to the server was 0 milliseconds ago. The driver has not received any packets from the server.)
	at org.apache.commons.dbcp.BasicDataSource.createPoolableConnectionFactory(BasicDataSource.java:1549)
	at org.apache.commons.dbcp.BasicDataSource.createDataSource(BasicDataSource.java:1388)
	at org.apache.commons.dbcp.BasicDataSource.getConnection(BasicDataSource.java:1044)
	at azkaban.database.DataSourceUtils$MySQLBasicDataSource$MonitorThread.pingDB(DataSourceUtils.java:195)
	at azkaban.database.DataSourceUtils$MySQLBasicDataSource$MonitorThread.run(DataSourceUtils.java:183)
Caused by: com.mysql.jdbc.exceptions.jdbc4.CommunicationsException: Communications link failure

The last packet sent successfully to the server was 0 milliseconds ago. The driver has not received any packets from the server.
	at sun.reflect.NativeConstructorAccessorImpl.newInstance0(Native Method)
Skipping DB test because Db not setup.
	at sun.reflect.NativeConstructorAccessorImpl.newInstance(NativeConstructorAccessorImpl.java:57)
	at sun.reflect.DelegatingConstructorAccessorImpl.newInstance(DelegatingConstructorAccessorImpl.java:45)
	at java.lang.reflect.Constructor.newInstance(Constructor.java:526)
	at com.mysql.jdbc.Util.handleNewInstance(Util.java:411)
	at com.mysql.jdbc.SQLError.createCommunicationsException(SQLError.java:1129)
	at com.mysql.jdbc.MysqlIO.<init>(MysqlIO.java:358)
Skipping DB test because Db not setup.
	at com.mysql.jdbc.ConnectionImpl.coreConnect(ConnectionImpl.java:2489)
	at com.mysql.jdbc.ConnectionImpl.connectOneTryOnly(ConnectionImpl.java:2526)
	at com.mysql.jdbc.ConnectionImpl.createNewIO(ConnectionImpl.java:2311)
	at com.mysql.jdbc.ConnectionImpl.<init>(ConnectionImpl.java:834)
	at com.mysql.jdbc.JDBC4Connection.<init>(JDBC4Connection.java:47)
	at sun.reflect.NativeConstructorAccessorImpl.newInstance0(Native Method)
	at sun.reflect.NativeConstructorAccessorImpl.newInstance(NativeConstructorAccessorImpl.java:57)
	at sun.reflect.DelegatingConstructorAccessorImpl.newInstance(DelegatingConstructorAccessorImpl.java:45)
	at java.lang.reflect.Constructor.newInstance(Constructor.java:526)
	at com.mysql.jdbc.Util.handleNewInstance(Util.java:411)
	at com.mysql.jdbc.ConnectionImpl.getInstance(ConnectionImpl.java:416)
	at com.mysql.jdbc.NonRegisteringDriver.connect(NonRegisteringDriver.java:347)
	at org.apache.commons.dbcp.DriverConnectionFactory.createConnection(DriverConnectionFactory.java:38)
	at org.apache.commons.dbcp.PoolableConnectionFactory.makeObject(PoolableConnectionFactory.java:582)
	at org.apache.commons.dbcp.BasicDataSource.validateConnectionFactory(BasicDataSource.java:1556)
Skipping DB test because Db not setup.
Skipping DB test because Db not setup.
	at org.apache.commons.dbcp.BasicDataSource.createPoolableConnectionFactory(BasicDataSource.java:1545)
	... 4 more
Caused by: java.net.ConnectException: Connection refused
	at java.net.PlainSocketImpl.socketConnect(Native Method)
	at java.net.AbstractPlainSocketImpl.doConnect(AbstractPlainSocketImpl.java:339)
	at java.net.AbstractPlainSocketImpl.connectToAddress(AbstractPlainSocketImpl.java:200)
	at java.net.AbstractPlainSocketImpl.connect(AbstractPlainSocketImpl.java:182)
	at java.net.SocksSocketImpl.connect(SocksSocketImpl.java:392)
	at java.net.Socket.connect(Socket.java:579)
	at java.net.Socket.connect(Socket.java:528)
	at java.net.Socket.<init>(Socket.java:425)
	at java.net.Socket.<init>(Socket.java:241)
	at com.mysql.jdbc.StandardSocketFactory.connect(StandardSocketFactory.java:256)
	at com.mysql.jdbc.MysqlIO.<init>(MysqlIO.java:308)
	... 20 more
Skipping DB test because Db not setup.
Skipping DB test because Db not setup.
Skipping DB test because Db not setup.
Skipping DB test because Db not setup.
Skipping DB test because Db not setup.
Skipping DB test because Db not setup.
Skipping DB test because Db not setup.
Skipping DB test because Db not setup.
Skipping DB test because Db not setup.
Skipping DB test because Db not setup.
Skipping DB test because Db not setup.
Skipping DB test because Db not setup.
Skipping DB test because Db not setup.
Skipping DB test because Db not setup.
Skipping DB test because Db not setup.
Skipping DB test because Db not setup.
Skipping DB test because Db not setup.
Skipping DB test because Db not setup.
Skipping DB test because Db not setup.
Skipping DB test because Db not setup.
Skipping DB test because Db not setup.
Skipping DB test because Db not setup.
Skipping DB test because Db not setup.
]]></system-err>
</testsuite>
