<?xml version="1.0" encoding="UTF-8"?>
<testsuite name="azkaban.jobExecutor.JavaProcessJobTest" tests="6" skipped="0" failures="0" errors="0" timestamp="2016-05-10T04:22:21" hostname="zexinBian-MacBook-Pro.local" time="3.08">
  <properties/>
  <testcase name="testFailedJavaJob" classname="azkaban.jobExecutor.JavaProcessJobTest" time="0.279"/>
  <testcase name="testJavaJobHashmap" classname="azkaban.jobExecutor.JavaProcessJobTest" time="1.12"/>
  <testcase name="testJavaJob" classname="azkaban.jobExecutor.JavaProcessJobTest" time="0.151"/>
  <testcase name="testFailedJavaJob" classname="azkaban.jobExecutor.JavaProcessJobTest" time="0.158"/>
  <testcase name="testJavaJobHashmap" classname="azkaban.jobExecutor.JavaProcessJobTest" time="1.107"/>
  <testcase name="testJavaJob" classname="azkaban.jobExecutor.JavaProcessJobTest" time="0.153"/>
  <system-out><![CDATA[1071 [Test worker] INFO azkaban.jobExecutor.JavaProcessJob  - 1 commands to execute.
1077 [Test worker] INFO azkaban.jobExecutor.JavaProcessJob  - effective user is: test_user
1077 [Test worker] INFO azkaban.jobExecutor.JavaProcessJob  - Command: java  -Xms64M -Xmx256M -cp '/Users/bianzexin/Documents/workspace/bigdata/azkaban/azkaban-common/build/classes/test:/Users/bianzexin/Documents/workspace/bigdata/azkaban/azkaban-common/build/resources/test:/Users/bianzexin/Documents/workspace/bigdata/azkaban/azkaban-common/build/classes/main:/Users/bianzexin/Documents/workspace/bigdata/azkaban/azkaban-common/build/resources/main:/Users/bianzexin/Documents/workspace/bigdata/azkaban/azkaban-test/build/classes/test:/Users/bianzexin/Documents/workspace/bigdata/azkaban/azkaban-test/build/resources/test:/Users/bianzexin/Downloads/Azkaban/azkaban-hadoopsecuritymanager-2.5.0.jar:/Users/bianzexin/Downloads/Azkaban/azkaban-plugins-2.5.0-rc3/plugins/hdfsviewer/lib/mongo-java-driver-2.10.1.jar:/Users/bianzexin/Downloads/Azkaban/azkaban-plugins-2.5.0-rc3/plugins/hdfsviewer/lib/parquet-avro-1.3.3-SNAPSHOT.jar:/Users/bianzexin/Downloads/Azkaban/azkaban-plugins-2.5.0-rc3/plugins/hdfsviewer/lib/parquet-hadoop-bundle-1.3.3-SNAPSHOT.jar:/Users/bianzexin/Downloads/Azkaban/azkaban-plugins-2.5.0-rc3/plugins/hdfsviewer/lib/snappy-java-1.0.5.jar:/Users/bianzexin/Downloads/Azkaban/azkaban-plugins-2.5.0-rc3/plugins/hdfsviewer/lib/voldemort-0.96.jar:/Users/bianzexin/Downloads/Azkaban/hadoop-yarn-api-2.6.0-cdh5.4.7.jar:/Users/bianzexin/Downloads/Azkaban/hadoop-yarn-client-2.6.0-cdh5.4.7.jar:/Users/bianzexin/Downloads/Azkaban/hadoop-yarn-common-2.6.0-cdh5.4.7.jar:/Users/bianzexin/Downloads/Azkaban/hadoop-common-2.6.0-cdh5.4.7.jar:/Users/bianzexin/Downloads/Azkaban/hadoop-auth-2.6.0-cdh5.4.7.jar:/Users/bianzexin/Downloads/Azkaban/hadoop-core-2.6.0-cdh5.4.7.jar:/Users/bianzexin/Downloads/spark-core_2.10-1.4.0.jar:/Users/bianzexin/.gradle/caches/modules-2/files-2.1/com.google.guava/guava/13.0.1/d6f22b1e60a2f1ef99e22c9f5fde270b2088365/guava-13.0.1.jar:/Users/bianzexin/.gradle/caches/modules-2/files-2.1/com.h2database/h2/1.3.170/7200aeef0a3c6889d049f4d8f6f26266721ccc48/h2-1.3.170.jar:/Users/bianzexin/.gradle/caches/modules-2/files-2.1/commons-codec/commons-codec/1.9/9ce04e34240f674bc72680f8b843b1457383161a/commons-codec-1.9.jar:/Users/bianzexin/.gradle/caches/modules-2/files-2.1/commons-collections/commons-collections/3.2.2/8ad72fe39fa8c91eaaf12aadb21e0c3661fe26d5/commons-collections-3.2.2.jar:/Users/bianzexin/.gradle/caches/modules-2/files-2.1/commons-configuration/commons-configuration/1.8/6cce40435bcd8018018f16898de01976b319941a/commons-configuration-1.8.jar:/Users/bianzexin/.gradle/caches/modules-2/files-2.1/commons-dbcp/commons-dbcp/1.4/30be73c965cc990b153a100aaaaafcf239f82d39/commons-dbcp-1.4.jar:/Users/bianzexin/.gradle/caches/modules-2/files-2.1/commons-dbutils/commons-dbutils/1.5/3ff5aa0e4ab4e8ac7ce596e681d2eeea4258260b/commons-dbutils-1.5.jar:/Users/bianzexin/.gradle/caches/modules-2/files-2.1/commons-fileupload/commons-fileupload/1.2.1/384faa82e193d4e4b0546059ca09572654bc3970/commons-fileupload-1.2.1.jar:/Users/bianzexin/.gradle/caches/modules-2/files-2.1/commons-io/commons-io/2.4/b1b6ea3b7e4aa4f492509a4952029cd8e48019ad/commons-io-2.4.jar:/Users/bianzexin/.gradle/caches/modules-2/files-2.1/commons-lang/commons-lang/2.6/ce1edb914c94ebc388f086c6827e8bdeec71ac2/commons-lang-2.6.jar:/Users/bianzexin/.gradle/caches/modules-2/files-2.1/commons-logging/commons-logging/1.1.1/5043bfebc3db072ed80fbd362e7caf00e885d8ae/commons-logging-1.1.1.jar:/Users/bianzexin/.gradle/caches/modules-2/files-2.1/commons-pool/commons-pool/1.6/4572d589699f09d866a226a14b7f4323c6d8f040/commons-pool-1.6.jar:/Users/bianzexin/.gradle/caches/modules-2/files-2.1/javax.mail/mail/1.4.5/85319c87280f30e1afc54c355f91f44741beac49/mail-1.4.5.jar:/Users/bianzexin/.gradle/caches/modules-2/files-2.1/javax.servlet/servlet-api/2.5/5959582d97d8b61f4d154ca9e495aafd16726e34/servlet-api-2.5.jar:/Users/bianzexin/.gradle/caches/modules-2/files-2.1/joda-time/joda-time/2.0/752c0fe8a5b2d6704c9d9d6f06d9abdcacf4045d/joda-time-2.0.jar:/Users/bianzexin/.gradle/caches/modules-2/files-2.1/log4j/log4j/1.2.16/7999a63bfccbc7c247a9aea10d83d4272bd492c6/log4j-1.2.16.jar:/Users/bianzexin/.gradle/caches/modules-2/files-2.1/mysql/mysql-connector-java/5.1.28/4c3e03dd2c60b8975ed68f72aa18229db2647196/mysql-connector-java-5.1.28.jar:/Users/bianzexin/.gradle/caches/modules-2/files-2.1/net.sf.jopt-simple/jopt-simple/4.3/88ffca34311a6564a98f14820431e17b4382a069/jopt-simple-4.3.jar:/Users/bianzexin/.gradle/caches/modules-2/files-2.1/org.apache.commons/commons-email/1.2/6cd5d2b5c11d2898b901e3162d825b804699187d/commons-email-1.2.jar:/Users/bianzexin/.gradle/caches/modules-2/files-2.1/org.apache.commons/commons-jexl/2.1.1/6ecc181debade00230aa1e17666c4ea0371beaaa/commons-jexl-2.1.1.jar:/Users/bianzexin/.gradle/caches/modules-2/files-2.1/org.apache.commons/commons-math3/3.0/5f8d1d720333aa9a7dee1c949ea70d9ed7da6106/commons-math3-3.0.jar:/Users/bianzexin/.gradle/caches/modules-2/files-2.1/org.apache.httpcomponents/httpclient/4.3.1/ec13f6423eb6d5858e229939a2bc118473ef94c/httpclient-4.3.1.jar:/Users/bianzexin/.gradle/caches/modules-2/files-2.1/org.apache.httpcomponents/httpcore/4.3/11393498b38e9695d0850cac26fde5613ae268b9/httpcore-4.3.jar:/Users/bianzexin/.gradle/caches/modules-2/files-2.1/org.apache.velocity/velocity/1.7/2ceb567b8f3f21118ecdec129fe1271dbc09aa7a/velocity-1.7.jar:/Users/bianzexin/.gradle/caches/modules-2/files-2.1/org.codehaus.jackson/jackson-core-asl/1.9.5/af39988dc5ec30dba5f327791676d67501e79f93/jackson-core-asl-1.9.5.jar:/Users/bianzexin/.gradle/caches/modules-2/files-2.1/org.codehaus.jackson/jackson-mapper-asl/1.9.5/a731291051b447bbf8da50f232688e34d3d1d53c/jackson-mapper-asl-1.9.5.jar:/Users/bianzexin/.gradle/caches/modules-2/files-2.1/org.mortbay.jetty/jetty/6.1.26/2f546e289fddd5b1fab1d4199fbb6e9ef43ee4b0/jetty-6.1.26.jar:/Users/bianzexin/.gradle/caches/modules-2/files-2.1/org.mortbay.jetty/jetty-util/6.1.26/e5642fe0399814e1687d55a3862aa5a3417226a9/jetty-util-6.1.26.jar:/Users/bianzexin/.gradle/caches/modules-2/files-2.1/org.slf4j/slf4j-api/1.6.1/6f3b8a24bf970f17289b234284c94f43eb42f0e4/slf4j-api-1.6.1.jar:/Users/bianzexin/.gradle/caches/modules-2/files-2.1/com.twitter/parquet-avro/1.4.0/6b52aa9b22db537e5f1b73e1f468936941028bf6/parquet-avro-1.4.0.jar:/Users/bianzexin/.gradle/caches/modules-2/files-2.1/org.apache.avro/avro/1.7.4/416e7030879814f52845b97f04bb50ecd1cef372/avro-1.7.4.jar:/Users/bianzexin/.gradle/caches/modules-2/files-2.1/junit/junit/4.11/4e031bb61df09069aeb2bffb4019e7a5034a4ee0/junit-4.11.jar:/Users/bianzexin/.gradle/caches/modules-2/files-2.1/org.hamcrest/hamcrest-all/1.3/63a21ebc981131004ad02e0434e799fd7f3a8d5a/hamcrest-all-1.3.jar' azkaban.jobExecutor.WordCountLocal 
1080 [Test worker] INFO azkaban.jobExecutor.JavaProcessJob  - Environment variables: {JOB_NAME=testJavaProcess, JOB_PROP_FILE=/private/var/folders/q5/6pyccsqn0492yl_9n58zkjfw0000gp/T/junit2093091090718866202/testJavaProcess/testJavaProcess_props_1182009833492307217_tmp, JOB_OUTPUT_PROP_FILE=/private/var/folders/q5/6pyccsqn0492yl_9n58zkjfw0000gp/T/junit2093091090718866202/testJavaProcess/testJavaProcess_output_2134555386972746567_tmp, KRB5CCNAME=/tmp/krb5cc__test_project__test_flow__testJavaProcess__123__test_user}
1080 [Test worker] INFO azkaban.jobExecutor.JavaProcessJob  - Working directory: /private/var/folders/q5/6pyccsqn0492yl_9n58zkjfw0000gp/T/junit2093091090718866202/testJavaProcess
1105 [Test worker] DEBUG azkaban.jobExecutor.JavaProcessJob  - Spawned thread with process id 8562
1195 [Thread-31] INFO azkaban.jobExecutor.JavaProcessJob  - propsFile: /private/var/folders/q5/6pyccsqn0492yl_9n58zkjfw0000gp/T/junit2093091090718866202/testJavaProcess/testJavaProcess_props_1182009833492307217_tmp
1250 [Test worker] INFO azkaban.jobExecutor.JavaProcessJob  - Process completed successfully in 0 seconds.
1254 [Test worker] INFO azkaban.jobExecutor.JavaProcessJob  - 1 commands to execute.
1258 [Test worker] INFO azkaban.jobExecutor.JavaProcessJob  - effective user is: test_user
1258 [Test worker] INFO azkaban.jobExecutor.JavaProcessJob  - Command: java  -Xms64M -Xmx256M -cp '/Users/bianzexin/Documents/workspace/bigdata/azkaban/azkaban-common/build/classes/test:/Users/bianzexin/Documents/workspace/bigdata/azkaban/azkaban-common/build/resources/test:/Users/bianzexin/Documents/workspace/bigdata/azkaban/azkaban-common/build/classes/main:/Users/bianzexin/Documents/workspace/bigdata/azkaban/azkaban-common/build/resources/main:/Users/bianzexin/Documents/workspace/bigdata/azkaban/azkaban-test/build/classes/test:/Users/bianzexin/Documents/workspace/bigdata/azkaban/azkaban-test/build/resources/test:/Users/bianzexin/Downloads/Azkaban/azkaban-hadoopsecuritymanager-2.5.0.jar:/Users/bianzexin/Downloads/Azkaban/azkaban-plugins-2.5.0-rc3/plugins/hdfsviewer/lib/mongo-java-driver-2.10.1.jar:/Users/bianzexin/Downloads/Azkaban/azkaban-plugins-2.5.0-rc3/plugins/hdfsviewer/lib/parquet-avro-1.3.3-SNAPSHOT.jar:/Users/bianzexin/Downloads/Azkaban/azkaban-plugins-2.5.0-rc3/plugins/hdfsviewer/lib/parquet-hadoop-bundle-1.3.3-SNAPSHOT.jar:/Users/bianzexin/Downloads/Azkaban/azkaban-plugins-2.5.0-rc3/plugins/hdfsviewer/lib/snappy-java-1.0.5.jar:/Users/bianzexin/Downloads/Azkaban/azkaban-plugins-2.5.0-rc3/plugins/hdfsviewer/lib/voldemort-0.96.jar:/Users/bianzexin/Downloads/Azkaban/hadoop-yarn-api-2.6.0-cdh5.4.7.jar:/Users/bianzexin/Downloads/Azkaban/hadoop-yarn-client-2.6.0-cdh5.4.7.jar:/Users/bianzexin/Downloads/Azkaban/hadoop-yarn-common-2.6.0-cdh5.4.7.jar:/Users/bianzexin/Downloads/Azkaban/hadoop-common-2.6.0-cdh5.4.7.jar:/Users/bianzexin/Downloads/Azkaban/hadoop-auth-2.6.0-cdh5.4.7.jar:/Users/bianzexin/Downloads/Azkaban/hadoop-core-2.6.0-cdh5.4.7.jar:/Users/bianzexin/Downloads/spark-core_2.10-1.4.0.jar:/Users/bianzexin/.gradle/caches/modules-2/files-2.1/com.google.guava/guava/13.0.1/d6f22b1e60a2f1ef99e22c9f5fde270b2088365/guava-13.0.1.jar:/Users/bianzexin/.gradle/caches/modules-2/files-2.1/com.h2database/h2/1.3.170/7200aeef0a3c6889d049f4d8f6f26266721ccc48/h2-1.3.170.jar:/Users/bianzexin/.gradle/caches/modules-2/files-2.1/commons-codec/commons-codec/1.9/9ce04e34240f674bc72680f8b843b1457383161a/commons-codec-1.9.jar:/Users/bianzexin/.gradle/caches/modules-2/files-2.1/commons-collections/commons-collections/3.2.2/8ad72fe39fa8c91eaaf12aadb21e0c3661fe26d5/commons-collections-3.2.2.jar:/Users/bianzexin/.gradle/caches/modules-2/files-2.1/commons-configuration/commons-configuration/1.8/6cce40435bcd8018018f16898de01976b319941a/commons-configuration-1.8.jar:/Users/bianzexin/.gradle/caches/modules-2/files-2.1/commons-dbcp/commons-dbcp/1.4/30be73c965cc990b153a100aaaaafcf239f82d39/commons-dbcp-1.4.jar:/Users/bianzexin/.gradle/caches/modules-2/files-2.1/commons-dbutils/commons-dbutils/1.5/3ff5aa0e4ab4e8ac7ce596e681d2eeea4258260b/commons-dbutils-1.5.jar:/Users/bianzexin/.gradle/caches/modules-2/files-2.1/commons-fileupload/commons-fileupload/1.2.1/384faa82e193d4e4b0546059ca09572654bc3970/commons-fileupload-1.2.1.jar:/Users/bianzexin/.gradle/caches/modules-2/files-2.1/commons-io/commons-io/2.4/b1b6ea3b7e4aa4f492509a4952029cd8e48019ad/commons-io-2.4.jar:/Users/bianzexin/.gradle/caches/modules-2/files-2.1/commons-lang/commons-lang/2.6/ce1edb914c94ebc388f086c6827e8bdeec71ac2/commons-lang-2.6.jar:/Users/bianzexin/.gradle/caches/modules-2/files-2.1/commons-logging/commons-logging/1.1.1/5043bfebc3db072ed80fbd362e7caf00e885d8ae/commons-logging-1.1.1.jar:/Users/bianzexin/.gradle/caches/modules-2/files-2.1/commons-pool/commons-pool/1.6/4572d589699f09d866a226a14b7f4323c6d8f040/commons-pool-1.6.jar:/Users/bianzexin/.gradle/caches/modules-2/files-2.1/javax.mail/mail/1.4.5/85319c87280f30e1afc54c355f91f44741beac49/mail-1.4.5.jar:/Users/bianzexin/.gradle/caches/modules-2/files-2.1/javax.servlet/servlet-api/2.5/5959582d97d8b61f4d154ca9e495aafd16726e34/servlet-api-2.5.jar:/Users/bianzexin/.gradle/caches/modules-2/files-2.1/joda-time/joda-time/2.0/752c0fe8a5b2d6704c9d9d6f06d9abdcacf4045d/joda-time-2.0.jar:/Users/bianzexin/.gradle/caches/modules-2/files-2.1/log4j/log4j/1.2.16/7999a63bfccbc7c247a9aea10d83d4272bd492c6/log4j-1.2.16.jar:/Users/bianzexin/.gradle/caches/modules-2/files-2.1/mysql/mysql-connector-java/5.1.28/4c3e03dd2c60b8975ed68f72aa18229db2647196/mysql-connector-java-5.1.28.jar:/Users/bianzexin/.gradle/caches/modules-2/files-2.1/net.sf.jopt-simple/jopt-simple/4.3/88ffca34311a6564a98f14820431e17b4382a069/jopt-simple-4.3.jar:/Users/bianzexin/.gradle/caches/modules-2/files-2.1/org.apache.commons/commons-email/1.2/6cd5d2b5c11d2898b901e3162d825b804699187d/commons-email-1.2.jar:/Users/bianzexin/.gradle/caches/modules-2/files-2.1/org.apache.commons/commons-jexl/2.1.1/6ecc181debade00230aa1e17666c4ea0371beaaa/commons-jexl-2.1.1.jar:/Users/bianzexin/.gradle/caches/modules-2/files-2.1/org.apache.commons/commons-math3/3.0/5f8d1d720333aa9a7dee1c949ea70d9ed7da6106/commons-math3-3.0.jar:/Users/bianzexin/.gradle/caches/modules-2/files-2.1/org.apache.httpcomponents/httpclient/4.3.1/ec13f6423eb6d5858e229939a2bc118473ef94c/httpclient-4.3.1.jar:/Users/bianzexin/.gradle/caches/modules-2/files-2.1/org.apache.httpcomponents/httpcore/4.3/11393498b38e9695d0850cac26fde5613ae268b9/httpcore-4.3.jar:/Users/bianzexin/.gradle/caches/modules-2/files-2.1/org.apache.velocity/velocity/1.7/2ceb567b8f3f21118ecdec129fe1271dbc09aa7a/velocity-1.7.jar:/Users/bianzexin/.gradle/caches/modules-2/files-2.1/org.codehaus.jackson/jackson-core-asl/1.9.5/af39988dc5ec30dba5f327791676d67501e79f93/jackson-core-asl-1.9.5.jar:/Users/bianzexin/.gradle/caches/modules-2/files-2.1/org.codehaus.jackson/jackson-mapper-asl/1.9.5/a731291051b447bbf8da50f232688e34d3d1d53c/jackson-mapper-asl-1.9.5.jar:/Users/bianzexin/.gradle/caches/modules-2/files-2.1/org.mortbay.jetty/jetty/6.1.26/2f546e289fddd5b1fab1d4199fbb6e9ef43ee4b0/jetty-6.1.26.jar:/Users/bianzexin/.gradle/caches/modules-2/files-2.1/org.mortbay.jetty/jetty-util/6.1.26/e5642fe0399814e1687d55a3862aa5a3417226a9/jetty-util-6.1.26.jar:/Users/bianzexin/.gradle/caches/modules-2/files-2.1/org.slf4j/slf4j-api/1.6.1/6f3b8a24bf970f17289b234284c94f43eb42f0e4/slf4j-api-1.6.1.jar:/Users/bianzexin/.gradle/caches/modules-2/files-2.1/com.twitter/parquet-avro/1.4.0/6b52aa9b22db537e5f1b73e1f468936941028bf6/parquet-avro-1.4.0.jar:/Users/bianzexin/.gradle/caches/modules-2/files-2.1/org.apache.avro/avro/1.7.4/416e7030879814f52845b97f04bb50ecd1cef372/avro-1.7.4.jar:/Users/bianzexin/.gradle/caches/modules-2/files-2.1/junit/junit/4.11/4e031bb61df09069aeb2bffb4019e7a5034a4ee0/junit-4.11.jar:/Users/bianzexin/.gradle/caches/modules-2/files-2.1/org.hamcrest/hamcrest-all/1.3/63a21ebc981131004ad02e0434e799fd7f3a8d5a/hamcrest-all-1.3.jar' azkaban.executor.SleepJavaJob 
1260 [Test worker] INFO azkaban.jobExecutor.JavaProcessJob  - Environment variables: {JOB_NAME=testJavaProcess, JOB_PROP_FILE=/private/var/folders/q5/6pyccsqn0492yl_9n58zkjfw0000gp/T/junit1439793534979856145/testJavaProcess/testJavaProcess_props_2782784394960728599_tmp, JOB_OUTPUT_PROP_FILE=/private/var/folders/q5/6pyccsqn0492yl_9n58zkjfw0000gp/T/junit1439793534979856145/testJavaProcess/testJavaProcess_output_8653980962084096427_tmp, KRB5CCNAME=/tmp/krb5cc__test_project__test_flow__testJavaProcess__123__test_user}
1260 [Test worker] INFO azkaban.jobExecutor.JavaProcessJob  - Working directory: /private/var/folders/q5/6pyccsqn0492yl_9n58zkjfw0000gp/T/junit1439793534979856145/testJavaProcess
1263 [Test worker] DEBUG azkaban.jobExecutor.JavaProcessJob  - Spawned thread with process id 8563
1367 [Thread-33] INFO azkaban.jobExecutor.JavaProcessJob  - Planning to succeed after 1 seconds.
1367 [Thread-33] INFO azkaban.jobExecutor.JavaProcessJob  - Sec 1
2372 [Test worker] INFO azkaban.jobExecutor.JavaProcessJob  - Process completed successfully in 1 seconds.
2374 [Test worker] INFO azkaban.jobExecutor.JavaProcessJob  - 1 commands to execute.
2376 [Test worker] INFO azkaban.jobExecutor.JavaProcessJob  - effective user is: test_user
2376 [Test worker] INFO azkaban.jobExecutor.JavaProcessJob  - Command: java  -Xms64M -Xmx256M -cp '/Users/bianzexin/Documents/workspace/bigdata/azkaban/azkaban-common/build/classes/test:/Users/bianzexin/Documents/workspace/bigdata/azkaban/azkaban-common/build/resources/test:/Users/bianzexin/Documents/workspace/bigdata/azkaban/azkaban-common/build/classes/main:/Users/bianzexin/Documents/workspace/bigdata/azkaban/azkaban-common/build/resources/main:/Users/bianzexin/Documents/workspace/bigdata/azkaban/azkaban-test/build/classes/test:/Users/bianzexin/Documents/workspace/bigdata/azkaban/azkaban-test/build/resources/test:/Users/bianzexin/Downloads/Azkaban/azkaban-hadoopsecuritymanager-2.5.0.jar:/Users/bianzexin/Downloads/Azkaban/azkaban-plugins-2.5.0-rc3/plugins/hdfsviewer/lib/mongo-java-driver-2.10.1.jar:/Users/bianzexin/Downloads/Azkaban/azkaban-plugins-2.5.0-rc3/plugins/hdfsviewer/lib/parquet-avro-1.3.3-SNAPSHOT.jar:/Users/bianzexin/Downloads/Azkaban/azkaban-plugins-2.5.0-rc3/plugins/hdfsviewer/lib/parquet-hadoop-bundle-1.3.3-SNAPSHOT.jar:/Users/bianzexin/Downloads/Azkaban/azkaban-plugins-2.5.0-rc3/plugins/hdfsviewer/lib/snappy-java-1.0.5.jar:/Users/bianzexin/Downloads/Azkaban/azkaban-plugins-2.5.0-rc3/plugins/hdfsviewer/lib/voldemort-0.96.jar:/Users/bianzexin/Downloads/Azkaban/hadoop-yarn-api-2.6.0-cdh5.4.7.jar:/Users/bianzexin/Downloads/Azkaban/hadoop-yarn-client-2.6.0-cdh5.4.7.jar:/Users/bianzexin/Downloads/Azkaban/hadoop-yarn-common-2.6.0-cdh5.4.7.jar:/Users/bianzexin/Downloads/Azkaban/hadoop-common-2.6.0-cdh5.4.7.jar:/Users/bianzexin/Downloads/Azkaban/hadoop-auth-2.6.0-cdh5.4.7.jar:/Users/bianzexin/Downloads/Azkaban/hadoop-core-2.6.0-cdh5.4.7.jar:/Users/bianzexin/Downloads/spark-core_2.10-1.4.0.jar:/Users/bianzexin/.gradle/caches/modules-2/files-2.1/com.google.guava/guava/13.0.1/d6f22b1e60a2f1ef99e22c9f5fde270b2088365/guava-13.0.1.jar:/Users/bianzexin/.gradle/caches/modules-2/files-2.1/com.h2database/h2/1.3.170/7200aeef0a3c6889d049f4d8f6f26266721ccc48/h2-1.3.170.jar:/Users/bianzexin/.gradle/caches/modules-2/files-2.1/commons-codec/commons-codec/1.9/9ce04e34240f674bc72680f8b843b1457383161a/commons-codec-1.9.jar:/Users/bianzexin/.gradle/caches/modules-2/files-2.1/commons-collections/commons-collections/3.2.2/8ad72fe39fa8c91eaaf12aadb21e0c3661fe26d5/commons-collections-3.2.2.jar:/Users/bianzexin/.gradle/caches/modules-2/files-2.1/commons-configuration/commons-configuration/1.8/6cce40435bcd8018018f16898de01976b319941a/commons-configuration-1.8.jar:/Users/bianzexin/.gradle/caches/modules-2/files-2.1/commons-dbcp/commons-dbcp/1.4/30be73c965cc990b153a100aaaaafcf239f82d39/commons-dbcp-1.4.jar:/Users/bianzexin/.gradle/caches/modules-2/files-2.1/commons-dbutils/commons-dbutils/1.5/3ff5aa0e4ab4e8ac7ce596e681d2eeea4258260b/commons-dbutils-1.5.jar:/Users/bianzexin/.gradle/caches/modules-2/files-2.1/commons-fileupload/commons-fileupload/1.2.1/384faa82e193d4e4b0546059ca09572654bc3970/commons-fileupload-1.2.1.jar:/Users/bianzexin/.gradle/caches/modules-2/files-2.1/commons-io/commons-io/2.4/b1b6ea3b7e4aa4f492509a4952029cd8e48019ad/commons-io-2.4.jar:/Users/bianzexin/.gradle/caches/modules-2/files-2.1/commons-lang/commons-lang/2.6/ce1edb914c94ebc388f086c6827e8bdeec71ac2/commons-lang-2.6.jar:/Users/bianzexin/.gradle/caches/modules-2/files-2.1/commons-logging/commons-logging/1.1.1/5043bfebc3db072ed80fbd362e7caf00e885d8ae/commons-logging-1.1.1.jar:/Users/bianzexin/.gradle/caches/modules-2/files-2.1/commons-pool/commons-pool/1.6/4572d589699f09d866a226a14b7f4323c6d8f040/commons-pool-1.6.jar:/Users/bianzexin/.gradle/caches/modules-2/files-2.1/javax.mail/mail/1.4.5/85319c87280f30e1afc54c355f91f44741beac49/mail-1.4.5.jar:/Users/bianzexin/.gradle/caches/modules-2/files-2.1/javax.servlet/servlet-api/2.5/5959582d97d8b61f4d154ca9e495aafd16726e34/servlet-api-2.5.jar:/Users/bianzexin/.gradle/caches/modules-2/files-2.1/joda-time/joda-time/2.0/752c0fe8a5b2d6704c9d9d6f06d9abdcacf4045d/joda-time-2.0.jar:/Users/bianzexin/.gradle/caches/modules-2/files-2.1/log4j/log4j/1.2.16/7999a63bfccbc7c247a9aea10d83d4272bd492c6/log4j-1.2.16.jar:/Users/bianzexin/.gradle/caches/modules-2/files-2.1/mysql/mysql-connector-java/5.1.28/4c3e03dd2c60b8975ed68f72aa18229db2647196/mysql-connector-java-5.1.28.jar:/Users/bianzexin/.gradle/caches/modules-2/files-2.1/net.sf.jopt-simple/jopt-simple/4.3/88ffca34311a6564a98f14820431e17b4382a069/jopt-simple-4.3.jar:/Users/bianzexin/.gradle/caches/modules-2/files-2.1/org.apache.commons/commons-email/1.2/6cd5d2b5c11d2898b901e3162d825b804699187d/commons-email-1.2.jar:/Users/bianzexin/.gradle/caches/modules-2/files-2.1/org.apache.commons/commons-jexl/2.1.1/6ecc181debade00230aa1e17666c4ea0371beaaa/commons-jexl-2.1.1.jar:/Users/bianzexin/.gradle/caches/modules-2/files-2.1/org.apache.commons/commons-math3/3.0/5f8d1d720333aa9a7dee1c949ea70d9ed7da6106/commons-math3-3.0.jar:/Users/bianzexin/.gradle/caches/modules-2/files-2.1/org.apache.httpcomponents/httpclient/4.3.1/ec13f6423eb6d5858e229939a2bc118473ef94c/httpclient-4.3.1.jar:/Users/bianzexin/.gradle/caches/modules-2/files-2.1/org.apache.httpcomponents/httpcore/4.3/11393498b38e9695d0850cac26fde5613ae268b9/httpcore-4.3.jar:/Users/bianzexin/.gradle/caches/modules-2/files-2.1/org.apache.velocity/velocity/1.7/2ceb567b8f3f21118ecdec129fe1271dbc09aa7a/velocity-1.7.jar:/Users/bianzexin/.gradle/caches/modules-2/files-2.1/org.codehaus.jackson/jackson-core-asl/1.9.5/af39988dc5ec30dba5f327791676d67501e79f93/jackson-core-asl-1.9.5.jar:/Users/bianzexin/.gradle/caches/modules-2/files-2.1/org.codehaus.jackson/jackson-mapper-asl/1.9.5/a731291051b447bbf8da50f232688e34d3d1d53c/jackson-mapper-asl-1.9.5.jar:/Users/bianzexin/.gradle/caches/modules-2/files-2.1/org.mortbay.jetty/jetty/6.1.26/2f546e289fddd5b1fab1d4199fbb6e9ef43ee4b0/jetty-6.1.26.jar:/Users/bianzexin/.gradle/caches/modules-2/files-2.1/org.mortbay.jetty/jetty-util/6.1.26/e5642fe0399814e1687d55a3862aa5a3417226a9/jetty-util-6.1.26.jar:/Users/bianzexin/.gradle/caches/modules-2/files-2.1/org.slf4j/slf4j-api/1.6.1/6f3b8a24bf970f17289b234284c94f43eb42f0e4/slf4j-api-1.6.1.jar:/Users/bianzexin/.gradle/caches/modules-2/files-2.1/com.twitter/parquet-avro/1.4.0/6b52aa9b22db537e5f1b73e1f468936941028bf6/parquet-avro-1.4.0.jar:/Users/bianzexin/.gradle/caches/modules-2/files-2.1/org.apache.avro/avro/1.7.4/416e7030879814f52845b97f04bb50ecd1cef372/avro-1.7.4.jar:/Users/bianzexin/.gradle/caches/modules-2/files-2.1/junit/junit/4.11/4e031bb61df09069aeb2bffb4019e7a5034a4ee0/junit-4.11.jar:/Users/bianzexin/.gradle/caches/modules-2/files-2.1/org.hamcrest/hamcrest-all/1.3/63a21ebc981131004ad02e0434e799fd7f3a8d5a/hamcrest-all-1.3.jar' azkaban.jobExecutor.WordCountLocal 
2378 [Test worker] INFO azkaban.jobExecutor.JavaProcessJob  - Environment variables: {JOB_NAME=testJavaProcess, JOB_PROP_FILE=/private/var/folders/q5/6pyccsqn0492yl_9n58zkjfw0000gp/T/junit7559260792671770524/testJavaProcess/testJavaProcess_props_540825557646970230_tmp, JOB_OUTPUT_PROP_FILE=/private/var/folders/q5/6pyccsqn0492yl_9n58zkjfw0000gp/T/junit7559260792671770524/testJavaProcess/testJavaProcess_output_6802683087815006030_tmp, KRB5CCNAME=/tmp/krb5cc__test_project__test_flow__testJavaProcess__123__test_user}
2378 [Test worker] INFO azkaban.jobExecutor.JavaProcessJob  - Working directory: /private/var/folders/q5/6pyccsqn0492yl_9n58zkjfw0000gp/T/junit7559260792671770524/testJavaProcess
2382 [Test worker] DEBUG azkaban.jobExecutor.JavaProcessJob  - Spawned thread with process id 8564
2476 [Thread-35] INFO azkaban.jobExecutor.JavaProcessJob  - propsFile: /private/var/folders/q5/6pyccsqn0492yl_9n58zkjfw0000gp/T/junit7559260792671770524/testJavaProcess/testJavaProcess_props_540825557646970230_tmp
2523 [Test worker] INFO azkaban.jobExecutor.JavaProcessJob  - Process completed successfully in 0 seconds.
2635 [Test worker] INFO azkaban.jobExecutor.JavaProcessJob  - 1 commands to execute.
2637 [Test worker] INFO azkaban.jobExecutor.JavaProcessJob  - effective user is: test_user
2637 [Test worker] INFO azkaban.jobExecutor.JavaProcessJob  - Command: java  -Xms64M -Xmx256M -cp '/Users/bianzexin/Documents/workspace/bigdata/azkaban/azkaban-common/build/classes/test:/Users/bianzexin/Documents/workspace/bigdata/azkaban/azkaban-common/build/resources/test:/Users/bianzexin/Documents/workspace/bigdata/azkaban/azkaban-common/build/classes/main:/Users/bianzexin/Documents/workspace/bigdata/azkaban/azkaban-common/build/resources/main:/Users/bianzexin/Documents/workspace/bigdata/azkaban/azkaban-test/build/classes/test:/Users/bianzexin/Documents/workspace/bigdata/azkaban/azkaban-test/build/resources/test:/Users/bianzexin/Downloads/Azkaban/azkaban-hadoopsecuritymanager-2.5.0.jar:/Users/bianzexin/Downloads/Azkaban/azkaban-plugins-2.5.0-rc3/plugins/hdfsviewer/lib/mongo-java-driver-2.10.1.jar:/Users/bianzexin/Downloads/Azkaban/azkaban-plugins-2.5.0-rc3/plugins/hdfsviewer/lib/parquet-avro-1.3.3-SNAPSHOT.jar:/Users/bianzexin/Downloads/Azkaban/azkaban-plugins-2.5.0-rc3/plugins/hdfsviewer/lib/parquet-hadoop-bundle-1.3.3-SNAPSHOT.jar:/Users/bianzexin/Downloads/Azkaban/azkaban-plugins-2.5.0-rc3/plugins/hdfsviewer/lib/snappy-java-1.0.5.jar:/Users/bianzexin/Downloads/Azkaban/azkaban-plugins-2.5.0-rc3/plugins/hdfsviewer/lib/voldemort-0.96.jar:/Users/bianzexin/Downloads/Azkaban/hadoop-yarn-api-2.6.0-cdh5.4.7.jar:/Users/bianzexin/Downloads/Azkaban/hadoop-yarn-client-2.6.0-cdh5.4.7.jar:/Users/bianzexin/Downloads/Azkaban/hadoop-yarn-common-2.6.0-cdh5.4.7.jar:/Users/bianzexin/Downloads/Azkaban/hadoop-common-2.6.0-cdh5.4.7.jar:/Users/bianzexin/Downloads/Azkaban/hadoop-auth-2.6.0-cdh5.4.7.jar:/Users/bianzexin/Downloads/Azkaban/hadoop-core-2.6.0-cdh5.4.7.jar:/Users/bianzexin/Downloads/spark-core_2.10-1.4.0.jar:/Users/bianzexin/.gradle/caches/modules-2/files-2.1/com.google.guava/guava/13.0.1/d6f22b1e60a2f1ef99e22c9f5fde270b2088365/guava-13.0.1.jar:/Users/bianzexin/.gradle/caches/modules-2/files-2.1/com.h2database/h2/1.3.170/7200aeef0a3c6889d049f4d8f6f26266721ccc48/h2-1.3.170.jar:/Users/bianzexin/.gradle/caches/modules-2/files-2.1/commons-codec/commons-codec/1.9/9ce04e34240f674bc72680f8b843b1457383161a/commons-codec-1.9.jar:/Users/bianzexin/.gradle/caches/modules-2/files-2.1/commons-collections/commons-collections/3.2.2/8ad72fe39fa8c91eaaf12aadb21e0c3661fe26d5/commons-collections-3.2.2.jar:/Users/bianzexin/.gradle/caches/modules-2/files-2.1/commons-configuration/commons-configuration/1.8/6cce40435bcd8018018f16898de01976b319941a/commons-configuration-1.8.jar:/Users/bianzexin/.gradle/caches/modules-2/files-2.1/commons-dbcp/commons-dbcp/1.4/30be73c965cc990b153a100aaaaafcf239f82d39/commons-dbcp-1.4.jar:/Users/bianzexin/.gradle/caches/modules-2/files-2.1/commons-dbutils/commons-dbutils/1.5/3ff5aa0e4ab4e8ac7ce596e681d2eeea4258260b/commons-dbutils-1.5.jar:/Users/bianzexin/.gradle/caches/modules-2/files-2.1/commons-fileupload/commons-fileupload/1.2.1/384faa82e193d4e4b0546059ca09572654bc3970/commons-fileupload-1.2.1.jar:/Users/bianzexin/.gradle/caches/modules-2/files-2.1/commons-io/commons-io/2.4/b1b6ea3b7e4aa4f492509a4952029cd8e48019ad/commons-io-2.4.jar:/Users/bianzexin/.gradle/caches/modules-2/files-2.1/commons-lang/commons-lang/2.6/ce1edb914c94ebc388f086c6827e8bdeec71ac2/commons-lang-2.6.jar:/Users/bianzexin/.gradle/caches/modules-2/files-2.1/commons-logging/commons-logging/1.1.1/5043bfebc3db072ed80fbd362e7caf00e885d8ae/commons-logging-1.1.1.jar:/Users/bianzexin/.gradle/caches/modules-2/files-2.1/commons-pool/commons-pool/1.6/4572d589699f09d866a226a14b7f4323c6d8f040/commons-pool-1.6.jar:/Users/bianzexin/.gradle/caches/modules-2/files-2.1/javax.mail/mail/1.4.5/85319c87280f30e1afc54c355f91f44741beac49/mail-1.4.5.jar:/Users/bianzexin/.gradle/caches/modules-2/files-2.1/javax.servlet/servlet-api/2.5/5959582d97d8b61f4d154ca9e495aafd16726e34/servlet-api-2.5.jar:/Users/bianzexin/.gradle/caches/modules-2/files-2.1/joda-time/joda-time/2.0/752c0fe8a5b2d6704c9d9d6f06d9abdcacf4045d/joda-time-2.0.jar:/Users/bianzexin/.gradle/caches/modules-2/files-2.1/log4j/log4j/1.2.16/7999a63bfccbc7c247a9aea10d83d4272bd492c6/log4j-1.2.16.jar:/Users/bianzexin/.gradle/caches/modules-2/files-2.1/mysql/mysql-connector-java/5.1.28/4c3e03dd2c60b8975ed68f72aa18229db2647196/mysql-connector-java-5.1.28.jar:/Users/bianzexin/.gradle/caches/modules-2/files-2.1/net.sf.jopt-simple/jopt-simple/4.3/88ffca34311a6564a98f14820431e17b4382a069/jopt-simple-4.3.jar:/Users/bianzexin/.gradle/caches/modules-2/files-2.1/org.apache.commons/commons-email/1.2/6cd5d2b5c11d2898b901e3162d825b804699187d/commons-email-1.2.jar:/Users/bianzexin/.gradle/caches/modules-2/files-2.1/org.apache.commons/commons-jexl/2.1.1/6ecc181debade00230aa1e17666c4ea0371beaaa/commons-jexl-2.1.1.jar:/Users/bianzexin/.gradle/caches/modules-2/files-2.1/org.apache.commons/commons-math3/3.0/5f8d1d720333aa9a7dee1c949ea70d9ed7da6106/commons-math3-3.0.jar:/Users/bianzexin/.gradle/caches/modules-2/files-2.1/org.apache.httpcomponents/httpclient/4.3.1/ec13f6423eb6d5858e229939a2bc118473ef94c/httpclient-4.3.1.jar:/Users/bianzexin/.gradle/caches/modules-2/files-2.1/org.apache.httpcomponents/httpcore/4.3/11393498b38e9695d0850cac26fde5613ae268b9/httpcore-4.3.jar:/Users/bianzexin/.gradle/caches/modules-2/files-2.1/org.apache.velocity/velocity/1.7/2ceb567b8f3f21118ecdec129fe1271dbc09aa7a/velocity-1.7.jar:/Users/bianzexin/.gradle/caches/modules-2/files-2.1/org.codehaus.jackson/jackson-core-asl/1.9.5/af39988dc5ec30dba5f327791676d67501e79f93/jackson-core-asl-1.9.5.jar:/Users/bianzexin/.gradle/caches/modules-2/files-2.1/org.codehaus.jackson/jackson-mapper-asl/1.9.5/a731291051b447bbf8da50f232688e34d3d1d53c/jackson-mapper-asl-1.9.5.jar:/Users/bianzexin/.gradle/caches/modules-2/files-2.1/org.mortbay.jetty/jetty/6.1.26/2f546e289fddd5b1fab1d4199fbb6e9ef43ee4b0/jetty-6.1.26.jar:/Users/bianzexin/.gradle/caches/modules-2/files-2.1/org.mortbay.jetty/jetty-util/6.1.26/e5642fe0399814e1687d55a3862aa5a3417226a9/jetty-util-6.1.26.jar:/Users/bianzexin/.gradle/caches/modules-2/files-2.1/org.slf4j/slf4j-api/1.6.1/6f3b8a24bf970f17289b234284c94f43eb42f0e4/slf4j-api-1.6.1.jar:/Users/bianzexin/.gradle/caches/modules-2/files-2.1/com.twitter/parquet-avro/1.4.0/6b52aa9b22db537e5f1b73e1f468936941028bf6/parquet-avro-1.4.0.jar:/Users/bianzexin/.gradle/caches/modules-2/files-2.1/org.apache.avro/avro/1.7.4/416e7030879814f52845b97f04bb50ecd1cef372/avro-1.7.4.jar:/Users/bianzexin/.gradle/caches/modules-2/files-2.1/junit/junit/4.11/4e031bb61df09069aeb2bffb4019e7a5034a4ee0/junit-4.11.jar:/Users/bianzexin/.gradle/caches/modules-2/files-2.1/org.hamcrest/hamcrest-all/1.3/63a21ebc981131004ad02e0434e799fd7f3a8d5a/hamcrest-all-1.3.jar' azkaban.jobExecutor.WordCountLocal 
2637 [Test worker] INFO azkaban.jobExecutor.JavaProcessJob  - Environment variables: {JOB_NAME=testJavaProcess, JOB_PROP_FILE=/private/var/folders/q5/6pyccsqn0492yl_9n58zkjfw0000gp/T/junit8992455789713974078/testJavaProcess/testJavaProcess_props_4469921235151867292_tmp, JOB_OUTPUT_PROP_FILE=/private/var/folders/q5/6pyccsqn0492yl_9n58zkjfw0000gp/T/junit8992455789713974078/testJavaProcess/testJavaProcess_output_8301247548239492383_tmp, KRB5CCNAME=/tmp/krb5cc__test_project__test_flow__testJavaProcess__123__test_user}
2637 [Test worker] INFO azkaban.jobExecutor.JavaProcessJob  - Working directory: /private/var/folders/q5/6pyccsqn0492yl_9n58zkjfw0000gp/T/junit8992455789713974078/testJavaProcess
2641 [Test worker] DEBUG azkaban.jobExecutor.JavaProcessJob  - Spawned thread with process id 8571
2738 [Thread-47] INFO azkaban.jobExecutor.JavaProcessJob  - propsFile: /private/var/folders/q5/6pyccsqn0492yl_9n58zkjfw0000gp/T/junit8992455789713974078/testJavaProcess/testJavaProcess_props_4469921235151867292_tmp
2791 [Test worker] INFO azkaban.jobExecutor.JavaProcessJob  - Process completed successfully in 0 seconds.
2793 [Test worker] INFO azkaban.jobExecutor.JavaProcessJob  - 1 commands to execute.
2795 [Test worker] INFO azkaban.jobExecutor.JavaProcessJob  - effective user is: test_user
2795 [Test worker] INFO azkaban.jobExecutor.JavaProcessJob  - Command: java  -Xms64M -Xmx256M -cp '/Users/bianzexin/Documents/workspace/bigdata/azkaban/azkaban-common/build/classes/test:/Users/bianzexin/Documents/workspace/bigdata/azkaban/azkaban-common/build/resources/test:/Users/bianzexin/Documents/workspace/bigdata/azkaban/azkaban-common/build/classes/main:/Users/bianzexin/Documents/workspace/bigdata/azkaban/azkaban-common/build/resources/main:/Users/bianzexin/Documents/workspace/bigdata/azkaban/azkaban-test/build/classes/test:/Users/bianzexin/Documents/workspace/bigdata/azkaban/azkaban-test/build/resources/test:/Users/bianzexin/Downloads/Azkaban/azkaban-hadoopsecuritymanager-2.5.0.jar:/Users/bianzexin/Downloads/Azkaban/azkaban-plugins-2.5.0-rc3/plugins/hdfsviewer/lib/mongo-java-driver-2.10.1.jar:/Users/bianzexin/Downloads/Azkaban/azkaban-plugins-2.5.0-rc3/plugins/hdfsviewer/lib/parquet-avro-1.3.3-SNAPSHOT.jar:/Users/bianzexin/Downloads/Azkaban/azkaban-plugins-2.5.0-rc3/plugins/hdfsviewer/lib/parquet-hadoop-bundle-1.3.3-SNAPSHOT.jar:/Users/bianzexin/Downloads/Azkaban/azkaban-plugins-2.5.0-rc3/plugins/hdfsviewer/lib/snappy-java-1.0.5.jar:/Users/bianzexin/Downloads/Azkaban/azkaban-plugins-2.5.0-rc3/plugins/hdfsviewer/lib/voldemort-0.96.jar:/Users/bianzexin/Downloads/Azkaban/hadoop-yarn-api-2.6.0-cdh5.4.7.jar:/Users/bianzexin/Downloads/Azkaban/hadoop-yarn-client-2.6.0-cdh5.4.7.jar:/Users/bianzexin/Downloads/Azkaban/hadoop-yarn-common-2.6.0-cdh5.4.7.jar:/Users/bianzexin/Downloads/Azkaban/hadoop-common-2.6.0-cdh5.4.7.jar:/Users/bianzexin/Downloads/Azkaban/hadoop-auth-2.6.0-cdh5.4.7.jar:/Users/bianzexin/Downloads/Azkaban/hadoop-core-2.6.0-cdh5.4.7.jar:/Users/bianzexin/Downloads/spark-core_2.10-1.4.0.jar:/Users/bianzexin/.gradle/caches/modules-2/files-2.1/com.google.guava/guava/13.0.1/d6f22b1e60a2f1ef99e22c9f5fde270b2088365/guava-13.0.1.jar:/Users/bianzexin/.gradle/caches/modules-2/files-2.1/com.h2database/h2/1.3.170/7200aeef0a3c6889d049f4d8f6f26266721ccc48/h2-1.3.170.jar:/Users/bianzexin/.gradle/caches/modules-2/files-2.1/commons-codec/commons-codec/1.9/9ce04e34240f674bc72680f8b843b1457383161a/commons-codec-1.9.jar:/Users/bianzexin/.gradle/caches/modules-2/files-2.1/commons-collections/commons-collections/3.2.2/8ad72fe39fa8c91eaaf12aadb21e0c3661fe26d5/commons-collections-3.2.2.jar:/Users/bianzexin/.gradle/caches/modules-2/files-2.1/commons-configuration/commons-configuration/1.8/6cce40435bcd8018018f16898de01976b319941a/commons-configuration-1.8.jar:/Users/bianzexin/.gradle/caches/modules-2/files-2.1/commons-dbcp/commons-dbcp/1.4/30be73c965cc990b153a100aaaaafcf239f82d39/commons-dbcp-1.4.jar:/Users/bianzexin/.gradle/caches/modules-2/files-2.1/commons-dbutils/commons-dbutils/1.5/3ff5aa0e4ab4e8ac7ce596e681d2eeea4258260b/commons-dbutils-1.5.jar:/Users/bianzexin/.gradle/caches/modules-2/files-2.1/commons-fileupload/commons-fileupload/1.2.1/384faa82e193d4e4b0546059ca09572654bc3970/commons-fileupload-1.2.1.jar:/Users/bianzexin/.gradle/caches/modules-2/files-2.1/commons-io/commons-io/2.4/b1b6ea3b7e4aa4f492509a4952029cd8e48019ad/commons-io-2.4.jar:/Users/bianzexin/.gradle/caches/modules-2/files-2.1/commons-lang/commons-lang/2.6/ce1edb914c94ebc388f086c6827e8bdeec71ac2/commons-lang-2.6.jar:/Users/bianzexin/.gradle/caches/modules-2/files-2.1/commons-logging/commons-logging/1.1.1/5043bfebc3db072ed80fbd362e7caf00e885d8ae/commons-logging-1.1.1.jar:/Users/bianzexin/.gradle/caches/modules-2/files-2.1/commons-pool/commons-pool/1.6/4572d589699f09d866a226a14b7f4323c6d8f040/commons-pool-1.6.jar:/Users/bianzexin/.gradle/caches/modules-2/files-2.1/javax.mail/mail/1.4.5/85319c87280f30e1afc54c355f91f44741beac49/mail-1.4.5.jar:/Users/bianzexin/.gradle/caches/modules-2/files-2.1/javax.servlet/servlet-api/2.5/5959582d97d8b61f4d154ca9e495aafd16726e34/servlet-api-2.5.jar:/Users/bianzexin/.gradle/caches/modules-2/files-2.1/joda-time/joda-time/2.0/752c0fe8a5b2d6704c9d9d6f06d9abdcacf4045d/joda-time-2.0.jar:/Users/bianzexin/.gradle/caches/modules-2/files-2.1/log4j/log4j/1.2.16/7999a63bfccbc7c247a9aea10d83d4272bd492c6/log4j-1.2.16.jar:/Users/bianzexin/.gradle/caches/modules-2/files-2.1/mysql/mysql-connector-java/5.1.28/4c3e03dd2c60b8975ed68f72aa18229db2647196/mysql-connector-java-5.1.28.jar:/Users/bianzexin/.gradle/caches/modules-2/files-2.1/net.sf.jopt-simple/jopt-simple/4.3/88ffca34311a6564a98f14820431e17b4382a069/jopt-simple-4.3.jar:/Users/bianzexin/.gradle/caches/modules-2/files-2.1/org.apache.commons/commons-email/1.2/6cd5d2b5c11d2898b901e3162d825b804699187d/commons-email-1.2.jar:/Users/bianzexin/.gradle/caches/modules-2/files-2.1/org.apache.commons/commons-jexl/2.1.1/6ecc181debade00230aa1e17666c4ea0371beaaa/commons-jexl-2.1.1.jar:/Users/bianzexin/.gradle/caches/modules-2/files-2.1/org.apache.commons/commons-math3/3.0/5f8d1d720333aa9a7dee1c949ea70d9ed7da6106/commons-math3-3.0.jar:/Users/bianzexin/.gradle/caches/modules-2/files-2.1/org.apache.httpcomponents/httpclient/4.3.1/ec13f6423eb6d5858e229939a2bc118473ef94c/httpclient-4.3.1.jar:/Users/bianzexin/.gradle/caches/modules-2/files-2.1/org.apache.httpcomponents/httpcore/4.3/11393498b38e9695d0850cac26fde5613ae268b9/httpcore-4.3.jar:/Users/bianzexin/.gradle/caches/modules-2/files-2.1/org.apache.velocity/velocity/1.7/2ceb567b8f3f21118ecdec129fe1271dbc09aa7a/velocity-1.7.jar:/Users/bianzexin/.gradle/caches/modules-2/files-2.1/org.codehaus.jackson/jackson-core-asl/1.9.5/af39988dc5ec30dba5f327791676d67501e79f93/jackson-core-asl-1.9.5.jar:/Users/bianzexin/.gradle/caches/modules-2/files-2.1/org.codehaus.jackson/jackson-mapper-asl/1.9.5/a731291051b447bbf8da50f232688e34d3d1d53c/jackson-mapper-asl-1.9.5.jar:/Users/bianzexin/.gradle/caches/modules-2/files-2.1/org.mortbay.jetty/jetty/6.1.26/2f546e289fddd5b1fab1d4199fbb6e9ef43ee4b0/jetty-6.1.26.jar:/Users/bianzexin/.gradle/caches/modules-2/files-2.1/org.mortbay.jetty/jetty-util/6.1.26/e5642fe0399814e1687d55a3862aa5a3417226a9/jetty-util-6.1.26.jar:/Users/bianzexin/.gradle/caches/modules-2/files-2.1/org.slf4j/slf4j-api/1.6.1/6f3b8a24bf970f17289b234284c94f43eb42f0e4/slf4j-api-1.6.1.jar:/Users/bianzexin/.gradle/caches/modules-2/files-2.1/com.twitter/parquet-avro/1.4.0/6b52aa9b22db537e5f1b73e1f468936941028bf6/parquet-avro-1.4.0.jar:/Users/bianzexin/.gradle/caches/modules-2/files-2.1/org.apache.avro/avro/1.7.4/416e7030879814f52845b97f04bb50ecd1cef372/avro-1.7.4.jar:/Users/bianzexin/.gradle/caches/modules-2/files-2.1/junit/junit/4.11/4e031bb61df09069aeb2bffb4019e7a5034a4ee0/junit-4.11.jar:/Users/bianzexin/.gradle/caches/modules-2/files-2.1/org.hamcrest/hamcrest-all/1.3/63a21ebc981131004ad02e0434e799fd7f3a8d5a/hamcrest-all-1.3.jar' azkaban.executor.SleepJavaJob 
2795 [Test worker] INFO azkaban.jobExecutor.JavaProcessJob  - Environment variables: {JOB_NAME=testJavaProcess, JOB_PROP_FILE=/private/var/folders/q5/6pyccsqn0492yl_9n58zkjfw0000gp/T/junit3008890551359804222/testJavaProcess/testJavaProcess_props_4534995265549008075_tmp, JOB_OUTPUT_PROP_FILE=/private/var/folders/q5/6pyccsqn0492yl_9n58zkjfw0000gp/T/junit3008890551359804222/testJavaProcess/testJavaProcess_output_7099855922682230199_tmp, KRB5CCNAME=/tmp/krb5cc__test_project__test_flow__testJavaProcess__123__test_user}
2795 [Test worker] INFO azkaban.jobExecutor.JavaProcessJob  - Working directory: /private/var/folders/q5/6pyccsqn0492yl_9n58zkjfw0000gp/T/junit3008890551359804222/testJavaProcess
2798 [Test worker] DEBUG azkaban.jobExecutor.JavaProcessJob  - Spawned thread with process id 8572
2892 [Thread-49] INFO azkaban.jobExecutor.JavaProcessJob  - Planning to succeed after 1 seconds.
2893 [Thread-49] INFO azkaban.jobExecutor.JavaProcessJob  - Sec 1
3898 [Test worker] INFO azkaban.jobExecutor.JavaProcessJob  - Process completed successfully in 1 seconds.
3901 [Test worker] INFO azkaban.jobExecutor.JavaProcessJob  - 1 commands to execute.
3903 [Test worker] INFO azkaban.jobExecutor.JavaProcessJob  - effective user is: test_user
3903 [Test worker] INFO azkaban.jobExecutor.JavaProcessJob  - Command: java  -Xms64M -Xmx256M -cp '/Users/bianzexin/Documents/workspace/bigdata/azkaban/azkaban-common/build/classes/test:/Users/bianzexin/Documents/workspace/bigdata/azkaban/azkaban-common/build/resources/test:/Users/bianzexin/Documents/workspace/bigdata/azkaban/azkaban-common/build/classes/main:/Users/bianzexin/Documents/workspace/bigdata/azkaban/azkaban-common/build/resources/main:/Users/bianzexin/Documents/workspace/bigdata/azkaban/azkaban-test/build/classes/test:/Users/bianzexin/Documents/workspace/bigdata/azkaban/azkaban-test/build/resources/test:/Users/bianzexin/Downloads/Azkaban/azkaban-hadoopsecuritymanager-2.5.0.jar:/Users/bianzexin/Downloads/Azkaban/azkaban-plugins-2.5.0-rc3/plugins/hdfsviewer/lib/mongo-java-driver-2.10.1.jar:/Users/bianzexin/Downloads/Azkaban/azkaban-plugins-2.5.0-rc3/plugins/hdfsviewer/lib/parquet-avro-1.3.3-SNAPSHOT.jar:/Users/bianzexin/Downloads/Azkaban/azkaban-plugins-2.5.0-rc3/plugins/hdfsviewer/lib/parquet-hadoop-bundle-1.3.3-SNAPSHOT.jar:/Users/bianzexin/Downloads/Azkaban/azkaban-plugins-2.5.0-rc3/plugins/hdfsviewer/lib/snappy-java-1.0.5.jar:/Users/bianzexin/Downloads/Azkaban/azkaban-plugins-2.5.0-rc3/plugins/hdfsviewer/lib/voldemort-0.96.jar:/Users/bianzexin/Downloads/Azkaban/hadoop-yarn-api-2.6.0-cdh5.4.7.jar:/Users/bianzexin/Downloads/Azkaban/hadoop-yarn-client-2.6.0-cdh5.4.7.jar:/Users/bianzexin/Downloads/Azkaban/hadoop-yarn-common-2.6.0-cdh5.4.7.jar:/Users/bianzexin/Downloads/Azkaban/hadoop-common-2.6.0-cdh5.4.7.jar:/Users/bianzexin/Downloads/Azkaban/hadoop-auth-2.6.0-cdh5.4.7.jar:/Users/bianzexin/Downloads/Azkaban/hadoop-core-2.6.0-cdh5.4.7.jar:/Users/bianzexin/Downloads/spark-core_2.10-1.4.0.jar:/Users/bianzexin/.gradle/caches/modules-2/files-2.1/com.google.guava/guava/13.0.1/d6f22b1e60a2f1ef99e22c9f5fde270b2088365/guava-13.0.1.jar:/Users/bianzexin/.gradle/caches/modules-2/files-2.1/com.h2database/h2/1.3.170/7200aeef0a3c6889d049f4d8f6f26266721ccc48/h2-1.3.170.jar:/Users/bianzexin/.gradle/caches/modules-2/files-2.1/commons-codec/commons-codec/1.9/9ce04e34240f674bc72680f8b843b1457383161a/commons-codec-1.9.jar:/Users/bianzexin/.gradle/caches/modules-2/files-2.1/commons-collections/commons-collections/3.2.2/8ad72fe39fa8c91eaaf12aadb21e0c3661fe26d5/commons-collections-3.2.2.jar:/Users/bianzexin/.gradle/caches/modules-2/files-2.1/commons-configuration/commons-configuration/1.8/6cce40435bcd8018018f16898de01976b319941a/commons-configuration-1.8.jar:/Users/bianzexin/.gradle/caches/modules-2/files-2.1/commons-dbcp/commons-dbcp/1.4/30be73c965cc990b153a100aaaaafcf239f82d39/commons-dbcp-1.4.jar:/Users/bianzexin/.gradle/caches/modules-2/files-2.1/commons-dbutils/commons-dbutils/1.5/3ff5aa0e4ab4e8ac7ce596e681d2eeea4258260b/commons-dbutils-1.5.jar:/Users/bianzexin/.gradle/caches/modules-2/files-2.1/commons-fileupload/commons-fileupload/1.2.1/384faa82e193d4e4b0546059ca09572654bc3970/commons-fileupload-1.2.1.jar:/Users/bianzexin/.gradle/caches/modules-2/files-2.1/commons-io/commons-io/2.4/b1b6ea3b7e4aa4f492509a4952029cd8e48019ad/commons-io-2.4.jar:/Users/bianzexin/.gradle/caches/modules-2/files-2.1/commons-lang/commons-lang/2.6/ce1edb914c94ebc388f086c6827e8bdeec71ac2/commons-lang-2.6.jar:/Users/bianzexin/.gradle/caches/modules-2/files-2.1/commons-logging/commons-logging/1.1.1/5043bfebc3db072ed80fbd362e7caf00e885d8ae/commons-logging-1.1.1.jar:/Users/bianzexin/.gradle/caches/modules-2/files-2.1/commons-pool/commons-pool/1.6/4572d589699f09d866a226a14b7f4323c6d8f040/commons-pool-1.6.jar:/Users/bianzexin/.gradle/caches/modules-2/files-2.1/javax.mail/mail/1.4.5/85319c87280f30e1afc54c355f91f44741beac49/mail-1.4.5.jar:/Users/bianzexin/.gradle/caches/modules-2/files-2.1/javax.servlet/servlet-api/2.5/5959582d97d8b61f4d154ca9e495aafd16726e34/servlet-api-2.5.jar:/Users/bianzexin/.gradle/caches/modules-2/files-2.1/joda-time/joda-time/2.0/752c0fe8a5b2d6704c9d9d6f06d9abdcacf4045d/joda-time-2.0.jar:/Users/bianzexin/.gradle/caches/modules-2/files-2.1/log4j/log4j/1.2.16/7999a63bfccbc7c247a9aea10d83d4272bd492c6/log4j-1.2.16.jar:/Users/bianzexin/.gradle/caches/modules-2/files-2.1/mysql/mysql-connector-java/5.1.28/4c3e03dd2c60b8975ed68f72aa18229db2647196/mysql-connector-java-5.1.28.jar:/Users/bianzexin/.gradle/caches/modules-2/files-2.1/net.sf.jopt-simple/jopt-simple/4.3/88ffca34311a6564a98f14820431e17b4382a069/jopt-simple-4.3.jar:/Users/bianzexin/.gradle/caches/modules-2/files-2.1/org.apache.commons/commons-email/1.2/6cd5d2b5c11d2898b901e3162d825b804699187d/commons-email-1.2.jar:/Users/bianzexin/.gradle/caches/modules-2/files-2.1/org.apache.commons/commons-jexl/2.1.1/6ecc181debade00230aa1e17666c4ea0371beaaa/commons-jexl-2.1.1.jar:/Users/bianzexin/.gradle/caches/modules-2/files-2.1/org.apache.commons/commons-math3/3.0/5f8d1d720333aa9a7dee1c949ea70d9ed7da6106/commons-math3-3.0.jar:/Users/bianzexin/.gradle/caches/modules-2/files-2.1/org.apache.httpcomponents/httpclient/4.3.1/ec13f6423eb6d5858e229939a2bc118473ef94c/httpclient-4.3.1.jar:/Users/bianzexin/.gradle/caches/modules-2/files-2.1/org.apache.httpcomponents/httpcore/4.3/11393498b38e9695d0850cac26fde5613ae268b9/httpcore-4.3.jar:/Users/bianzexin/.gradle/caches/modules-2/files-2.1/org.apache.velocity/velocity/1.7/2ceb567b8f3f21118ecdec129fe1271dbc09aa7a/velocity-1.7.jar:/Users/bianzexin/.gradle/caches/modules-2/files-2.1/org.codehaus.jackson/jackson-core-asl/1.9.5/af39988dc5ec30dba5f327791676d67501e79f93/jackson-core-asl-1.9.5.jar:/Users/bianzexin/.gradle/caches/modules-2/files-2.1/org.codehaus.jackson/jackson-mapper-asl/1.9.5/a731291051b447bbf8da50f232688e34d3d1d53c/jackson-mapper-asl-1.9.5.jar:/Users/bianzexin/.gradle/caches/modules-2/files-2.1/org.mortbay.jetty/jetty/6.1.26/2f546e289fddd5b1fab1d4199fbb6e9ef43ee4b0/jetty-6.1.26.jar:/Users/bianzexin/.gradle/caches/modules-2/files-2.1/org.mortbay.jetty/jetty-util/6.1.26/e5642fe0399814e1687d55a3862aa5a3417226a9/jetty-util-6.1.26.jar:/Users/bianzexin/.gradle/caches/modules-2/files-2.1/org.slf4j/slf4j-api/1.6.1/6f3b8a24bf970f17289b234284c94f43eb42f0e4/slf4j-api-1.6.1.jar:/Users/bianzexin/.gradle/caches/modules-2/files-2.1/com.twitter/parquet-avro/1.4.0/6b52aa9b22db537e5f1b73e1f468936941028bf6/parquet-avro-1.4.0.jar:/Users/bianzexin/.gradle/caches/modules-2/files-2.1/org.apache.avro/avro/1.7.4/416e7030879814f52845b97f04bb50ecd1cef372/avro-1.7.4.jar:/Users/bianzexin/.gradle/caches/modules-2/files-2.1/junit/junit/4.11/4e031bb61df09069aeb2bffb4019e7a5034a4ee0/junit-4.11.jar:/Users/bianzexin/.gradle/caches/modules-2/files-2.1/org.hamcrest/hamcrest-all/1.3/63a21ebc981131004ad02e0434e799fd7f3a8d5a/hamcrest-all-1.3.jar' azkaban.jobExecutor.WordCountLocal 
3903 [Test worker] INFO azkaban.jobExecutor.JavaProcessJob  - Environment variables: {JOB_NAME=testJavaProcess, JOB_PROP_FILE=/private/var/folders/q5/6pyccsqn0492yl_9n58zkjfw0000gp/T/junit7470476237959557445/testJavaProcess/testJavaProcess_props_3696806950226824471_tmp, JOB_OUTPUT_PROP_FILE=/private/var/folders/q5/6pyccsqn0492yl_9n58zkjfw0000gp/T/junit7470476237959557445/testJavaProcess/testJavaProcess_output_4167039290125426455_tmp, KRB5CCNAME=/tmp/krb5cc__test_project__test_flow__testJavaProcess__123__test_user}
3903 [Test worker] INFO azkaban.jobExecutor.JavaProcessJob  - Working directory: /private/var/folders/q5/6pyccsqn0492yl_9n58zkjfw0000gp/T/junit7470476237959557445/testJavaProcess
3906 [Test worker] DEBUG azkaban.jobExecutor.JavaProcessJob  - Spawned thread with process id 8573
3999 [Thread-51] INFO azkaban.jobExecutor.JavaProcessJob  - propsFile: /private/var/folders/q5/6pyccsqn0492yl_9n58zkjfw0000gp/T/junit7470476237959557445/testJavaProcess/testJavaProcess_props_3696806950226824471_tmp
4052 [Test worker] INFO azkaban.jobExecutor.JavaProcessJob  - Process completed successfully in 0 seconds.
]]></system-out>
  <system-err><![CDATA[cwd=/private/var/folders/q5/6pyccsqn0492yl_9n58zkjfw0000gp/T/junit2093091090718866202/testJavaProcess
output properties file=/private/var/folders/q5/6pyccsqn0492yl_9n58zkjfw0000gp/T/junit2093091090718866202/testJavaProcess/testJavaProcess_output_2134555386972746567_tmp
cwd=/private/var/folders/q5/6pyccsqn0492yl_9n58zkjfw0000gp/T/junit1439793534979856145/testJavaProcess
output properties file=/private/var/folders/q5/6pyccsqn0492yl_9n58zkjfw0000gp/T/junit1439793534979856145/testJavaProcess/testJavaProcess_output_8653980962084096427_tmp
cwd=/private/var/folders/q5/6pyccsqn0492yl_9n58zkjfw0000gp/T/junit7559260792671770524/testJavaProcess
output properties file=/private/var/folders/q5/6pyccsqn0492yl_9n58zkjfw0000gp/T/junit7559260792671770524/testJavaProcess/testJavaProcess_output_6802683087815006030_tmp
cwd=/private/var/folders/q5/6pyccsqn0492yl_9n58zkjfw0000gp/T/junit8992455789713974078/testJavaProcess
output properties file=/private/var/folders/q5/6pyccsqn0492yl_9n58zkjfw0000gp/T/junit8992455789713974078/testJavaProcess/testJavaProcess_output_8301247548239492383_tmp
cwd=/private/var/folders/q5/6pyccsqn0492yl_9n58zkjfw0000gp/T/junit3008890551359804222/testJavaProcess
output properties file=/private/var/folders/q5/6pyccsqn0492yl_9n58zkjfw0000gp/T/junit3008890551359804222/testJavaProcess/testJavaProcess_output_7099855922682230199_tmp
cwd=/private/var/folders/q5/6pyccsqn0492yl_9n58zkjfw0000gp/T/junit7470476237959557445/testJavaProcess
output properties file=/private/var/folders/q5/6pyccsqn0492yl_9n58zkjfw0000gp/T/junit7470476237959557445/testJavaProcess/testJavaProcess_output_4167039290125426455_tmp
]]></system-err>
</testsuite>
