<?xml version="1.0" encoding="UTF-8"?>
<testsuite name="azkaban.utils.FileIOUtilsTest" tests="4" skipped="0" failures="0" errors="0" timestamp="2016-04-13T08:41:26" hostname="zexinBian-MacBook-Pro.local" time="0.052">
  <properties/>
  <testcase name="testSymlinkCopy" classname="azkaban.utils.FileIOUtilsTest" time="0.048"/>
  <testcase name="testAsciiUTF" classname="azkaban.utils.FileIOUtilsTest" time="0.001"/>
  <testcase name="testSymlinkCopyNonSource" classname="azkaban.utils.FileIOUtilsTest" time="0.0"/>
  <testcase name="testForeignUTF" classname="azkaban.utils.FileIOUtilsTest" time="0.001"/>
  <system-out><![CDATA[char length:26 utf8BytesLength:26 for:abcdefghijklmnopqrstuvwxyz
Pair :{1,20}
recreatedString:bcdefghijklmnopqrstu
correctString:bcdefghijklmnopqrstu
Source directory /Users/bianzexin/Documents/workspace/bigdata/azkaban/azkaban-common/build/resources/test/project/testjob/idonotexist doesn't exist
Handled this case nicely.
char length:19 utf8BytesLength:49 for:안녕하세요, 제 이름은 박병호입니다
Pair :{3,40}
recreatedString:��녕하세요, 제 이름은 박병호입�
correctString:녕하세요, 제 이름은 박병호입
correctString:bc안녕하세요, 제 이름은 박병호입
]]></system-out>
  <system-err><![CDATA[]]></system-err>
</testsuite>
