<?xml version="1.0" encoding="UTF-8"?>
<testsuite name="azkaban.execapp.JobRunnerTest" tests="7" skipped="4" failures="0" errors="0" timestamp="2016-05-10T04:22:58" hostname="zexinBian-MacBook-Pro.local" time="2.571">
  <properties/>
  <testcase name="testDelayedExecutionCancelledJob" classname="azkaban.execapp.JobRunnerTest" time="2.567"/>
  <testcase name="testBasicRun" classname="azkaban.execapp.JobRunnerTest" time="0.0">
    <skipped/>
  </testcase>
  <testcase name="testFailedRun" classname="azkaban.execapp.JobRunnerTest" time="0.0">
    <skipped/>
  </testcase>
  <testcase name="testDisabledRun" classname="azkaban.execapp.JobRunnerTest" time="0.001"/>
  <testcase name="testCancelRun" classname="azkaban.execapp.JobRunnerTest" time="0.0">
    <skipped/>
  </testcase>
  <testcase name="testPreKilledRun" classname="azkaban.execapp.JobRunnerTest" time="0.001"/>
  <testcase name="testDelayedExecutionJob" classname="azkaban.execapp.JobRunnerTest" time="0.0">
    <skipped/>
  </testcase>
  <system-out><![CDATA[Create temp dir
Teardown temp dir
Create temp dir
Teardown temp dir
Create temp dir
Teardown temp dir
]]></system-out>
  <system-err><![CDATA[log4j:WARN No such property [maxBackupIndex] in org.apache.log4j.DailyRollingFileAppender.
log4j:ERROR setFile(null,true) call failed.
java.io.FileNotFoundException: /azkaban-execserver.log (Permission denied)
	at java.io.FileOutputStream.open(Native Method)
	at java.io.FileOutputStream.<init>(FileOutputStream.java:221)
	at java.io.FileOutputStream.<init>(FileOutputStream.java:142)
	at org.apache.log4j.FileAppender.setFile(FileAppender.java:294)
	at org.apache.log4j.FileAppender.activateOptions(FileAppender.java:165)
	at org.apache.log4j.DailyRollingFileAppender.activateOptions(DailyRollingFileAppender.java:223)
	at org.apache.log4j.config.PropertySetter.activate(PropertySetter.java:307)
	at org.apache.log4j.config.PropertySetter.setProperties(PropertySetter.java:172)
	at org.apache.log4j.config.PropertySetter.setProperties(PropertySetter.java:104)
	at org.apache.log4j.PropertyConfigurator.parseAppender(PropertyConfigurator.java:809)
	at org.apache.log4j.PropertyConfigurator.parseCategory(PropertyConfigurator.java:735)
	at org.apache.log4j.PropertyConfigurator.configureRootCategory(PropertyConfigurator.java:615)
	at org.apache.log4j.PropertyConfigurator.doConfigure(PropertyConfigurator.java:502)
	at org.apache.log4j.PropertyConfigurator.doConfigure(PropertyConfigurator.java:547)
	at org.apache.log4j.helpers.OptionConverter.selectAndConfigure(OptionConverter.java:483)
	at org.apache.log4j.LogManager.<clinit>(LogManager.java:127)
	at org.apache.log4j.Logger.getLogger(Logger.java:104)
	at azkaban.execapp.JobRunnerTest.<init>(JobRunnerTest.java:48)
	at sun.reflect.NativeConstructorAccessorImpl.newInstance0(Native Method)
	at sun.reflect.NativeConstructorAccessorImpl.newInstance(NativeConstructorAccessorImpl.java:57)
	at sun.reflect.DelegatingConstructorAccessorImpl.newInstance(DelegatingConstructorAccessorImpl.java:45)
	at java.lang.reflect.Constructor.newInstance(Constructor.java:526)
	at org.junit.runners.BlockJUnit4ClassRunner.createTest(BlockJUnit4ClassRunner.java:195)
	at org.junit.runners.BlockJUnit4ClassRunner$1.runReflectiveCall(BlockJUnit4ClassRunner.java:244)
	at org.junit.internal.runners.model.ReflectiveCallable.run(ReflectiveCallable.java:12)
	at org.junit.runners.BlockJUnit4ClassRunner.methodBlock(BlockJUnit4ClassRunner.java:241)
	at org.junit.runners.BlockJUnit4ClassRunner.runChild(BlockJUnit4ClassRunner.java:70)
	at org.junit.runners.BlockJUnit4ClassRunner.runChild(BlockJUnit4ClassRunner.java:50)
	at org.junit.runners.ParentRunner$3.run(ParentRunner.java:238)
	at org.junit.runners.ParentRunner$1.schedule(ParentRunner.java:63)
	at org.junit.runners.ParentRunner.runChildren(ParentRunner.java:236)
	at org.junit.runners.ParentRunner.access$000(ParentRunner.java:53)
	at org.junit.runners.ParentRunner$2.evaluate(ParentRunner.java:229)
	at org.junit.runners.ParentRunner.run(ParentRunner.java:309)
	at org.gradle.api.internal.tasks.testing.junit.JUnitTestClassExecuter.runTestClass(JUnitTestClassExecuter.java:105)
	at org.gradle.api.internal.tasks.testing.junit.JUnitTestClassExecuter.execute(JUnitTestClassExecuter.java:56)
	at org.gradle.api.internal.tasks.testing.junit.JUnitTestClassProcessor.processTestClass(JUnitTestClassProcessor.java:64)
	at org.gradle.api.internal.tasks.testing.SuiteTestClassProcessor.processTestClass(SuiteTestClassProcessor.java:50)
	at sun.reflect.NativeMethodAccessorImpl.invoke0(Native Method)
	at sun.reflect.NativeMethodAccessorImpl.invoke(NativeMethodAccessorImpl.java:57)
	at sun.reflect.DelegatingMethodAccessorImpl.invoke(DelegatingMethodAccessorImpl.java:43)
	at java.lang.reflect.Method.invoke(Method.java:606)
	at org.gradle.messaging.dispatch.ReflectionDispatch.dispatch(ReflectionDispatch.java:35)
	at org.gradle.messaging.dispatch.ReflectionDispatch.dispatch(ReflectionDispatch.java:24)
	at org.gradle.messaging.dispatch.ContextClassLoaderDispatch.dispatch(ContextClassLoaderDispatch.java:32)
	at org.gradle.messaging.dispatch.ProxyDispatchAdapter$DispatchingInvocationHandler.invoke(ProxyDispatchAdapter.java:93)
	at com.sun.proxy.$Proxy2.processTestClass(Unknown Source)
	at org.gradle.api.internal.tasks.testing.worker.TestWorker.processTestClass(TestWorker.java:106)
	at sun.reflect.NativeMethodAccessorImpl.invoke0(Native Method)
	at sun.reflect.NativeMethodAccessorImpl.invoke(NativeMethodAccessorImpl.java:57)
	at sun.reflect.DelegatingMethodAccessorImpl.invoke(DelegatingMethodAccessorImpl.java:43)
	at java.lang.reflect.Method.invoke(Method.java:606)
	at org.gradle.messaging.dispatch.ReflectionDispatch.dispatch(ReflectionDispatch.java:35)
	at org.gradle.messaging.dispatch.ReflectionDispatch.dispatch(ReflectionDispatch.java:24)
	at org.gradle.messaging.remote.internal.hub.MessageHub$Handler.run(MessageHub.java:360)
	at org.gradle.internal.concurrent.ExecutorPolicy$CatchAndRecordFailures.onExecute(ExecutorPolicy.java:54)
	at org.gradle.internal.concurrent.StoppableExecutorImpl$1.run(StoppableExecutorImpl.java:40)
	at java.util.concurrent.ThreadPoolExecutor.runWorker(ThreadPoolExecutor.java:1145)
	at java.util.concurrent.ThreadPoolExecutor$Worker.run(ThreadPoolExecutor.java:615)
	at java.lang.Thread.run(Thread.java:745)
log4j:ERROR Either File or DatePattern options are not set for appender [ExecServer].
Exception in thread "JobRunner-testJob-1" java.lang.NullPointerException
	at azkaban.executor.MockExecutorLoader.updateExecutableNode(MockExecutorLoader.java:120)
	at azkaban.execapp.JobRunner.writeStatus(JobRunner.java:250)
	at azkaban.execapp.JobRunner.run(JobRunner.java:467)
	at java.lang.Thread.run(Thread.java:745)
]]></system-err>
</testsuite>
