<?xml version="1.0" encoding="UTF-8"?>
<testsuite name="azkaban.execapp.FlowRunnerTest2" tests="15" skipped="15" failures="0" errors="0" timestamp="2016-04-13T08:41:35" hostname="zexinBian-MacBook-Pro.local" time="0.008">
  <properties/>
  <testcase name="testPauseFailFinishAll" classname="azkaban.execapp.FlowRunnerTest2" time="0.0">
    <skipped/>
  </testcase>
  <testcase name="testPause" classname="azkaban.execapp.FlowRunnerTest2" time="0.0">
    <skipped/>
  </testcase>
  <testcase name="testBasicRun" classname="azkaban.execapp.FlowRunnerTest2" time="0.0">
    <skipped/>
  </testcase>
  <testcase name="testDisabledNormal" classname="azkaban.execapp.FlowRunnerTest2" time="0.0">
    <skipped/>
  </testcase>
  <testcase name="testManualCancelOnFailure" classname="azkaban.execapp.FlowRunnerTest2" time="0.0">
    <skipped/>
  </testcase>
  <testcase name="testCancelOnFailure" classname="azkaban.execapp.FlowRunnerTest2" time="0.0">
    <skipped/>
  </testcase>
  <testcase name="testPauseFailKill" classname="azkaban.execapp.FlowRunnerTest2" time="0.0">
    <skipped/>
  </testcase>
  <testcase name="testRetryOnFailure" classname="azkaban.execapp.FlowRunnerTest2" time="0.0">
    <skipped/>
  </testcase>
  <testcase name="testNormalFailure1" classname="azkaban.execapp.FlowRunnerTest2" time="0.0">
    <skipped/>
  </testcase>
  <testcase name="testNormalFailure2" classname="azkaban.execapp.FlowRunnerTest2" time="0.0">
    <skipped/>
  </testcase>
  <testcase name="testNormalFailure3" classname="azkaban.execapp.FlowRunnerTest2" time="0.0">
    <skipped/>
  </testcase>
  <testcase name="testCancel" classname="azkaban.execapp.FlowRunnerTest2" time="0.0">
    <skipped/>
  </testcase>
  <testcase name="testFailedFinishingFailure3" classname="azkaban.execapp.FlowRunnerTest2" time="0.0">
    <skipped/>
  </testcase>
  <testcase name="testPauseFail" classname="azkaban.execapp.FlowRunnerTest2" time="0.0">
    <skipped/>
  </testcase>
  <testcase name="testPauseKill" classname="azkaban.execapp.FlowRunnerTest2" time="0.0">
    <skipped/>
  </testcase>
  <system-out><![CDATA[]]></system-out>
  <system-err><![CDATA[]]></system-err>
</testsuite>
