<?xml version="1.0" encoding="UTF-8"?>
<testsuite name="azkaban.execapp.FlowRunnerPipelineTest" tests="3" skipped="3" failures="0" errors="0" timestamp="2016-05-10T04:22:58" hostname="zexinBian-MacBook-Pro.local" time="0.001">
  <properties/>
  <testcase name="testBasicPipelineLevel2Run2" classname="azkaban.execapp.FlowRunnerPipelineTest" time="0.0">
    <skipped/>
  </testcase>
  <testcase name="testBasicPipelineLevel1Run" classname="azkaban.execapp.FlowRunnerPipelineTest" time="0.0">
    <skipped/>
  </testcase>
  <testcase name="testBasicPipelineLevel2Run" classname="azkaban.execapp.FlowRunnerPipelineTest" time="0.0">
    <skipped/>
  </testcase>
  <system-out><![CDATA[]]></system-out>
  <system-err><![CDATA[]]></system-err>
</testsuite>
