<?xml version="1.0" encoding="UTF-8"?>
<testsuite name="azkaban.execapp.event.JobCallbackRequestMakerTest" tests="4" skipped="0" failures="0" errors="0" timestamp="2016-05-10T04:23:12" hostname="zexinBian-MacBook-Pro.local" time="5.191">
  <properties/>
  <testcase name="basicPostTest" classname="azkaban.execapp.event.JobCallbackRequestMakerTest" time="1.162"/>
  <testcase name="unResponsiveGetTest" classname="azkaban.execapp.event.JobCallbackRequestMakerTest" time="3.012"/>
  <testcase name="basicGetTest" classname="azkaban.execapp.event.JobCallbackRequestMakerTest" time="1.011"/>
  <testcase name="simulateNotOKStatusCodeTest" classname="azkaban.execapp.event.JobCallbackRequestMakerTest" time="0.006"/>
  <system-out><![CDATA[Start server
Shutting down server
]]></system-out>
  <system-err><![CDATA[2016-05-10 12:23:12.312:INFO::Logging to STDERR via org.mortbay.log.StdErrLog
2016-05-10 12:23:12.366:INFO::jetty-6.1.26
2016-05-10 12:23:12.408:INFO::Started SocketConnector@0.0.0.0:8989
2016-05-10 12:23:17.599:INFO::Stopped SocketConnector@0.0.0.0:8989
]]></system-err>
</testsuite>
