<?xml version="1.0" encoding="UTF-8"?>
<testsuite name="azkaban.execapp.StatisticsServletTest" tests="4" skipped="4" failures="0" errors="0" timestamp="2016-05-10T04:23:00" hostname="zexinBian-MacBook-Pro.local" time="0.001">
  <properties/>
  <testcase name="testFillMemory" classname="azkaban.execapp.StatisticsServletTest" time="0.0">
    <skipped/>
  </testcase>
  <testcase name="testPopulateStatistics" classname="azkaban.execapp.StatisticsServletTest" time="0.0">
    <skipped/>
  </testcase>
  <testcase name="testFillCpu" classname="azkaban.execapp.StatisticsServletTest" time="0.0">
    <skipped/>
  </testcase>
  <testcase name="testPopulateStatisticsCache" classname="azkaban.execapp.StatisticsServletTest" time="0.0">
    <skipped/>
  </testcase>
  <system-out><![CDATA[]]></system-out>
  <system-err><![CDATA[]]></system-err>
</testsuite>
