<?xml version="1.0" encoding="UTF-8"?>
<testsuite name="azkaban.execapp.event.JobCallbackRequestMakerTest" tests="4" skipped="0" failures="0" errors="0" timestamp="2016-04-13T08:41:49" hostname="zexinBian-MacBook-Pro.local" time="5.174">
  <properties/>
  <testcase name="basicPostTest" classname="azkaban.execapp.event.JobCallbackRequestMakerTest" time="1.148"/>
  <testcase name="unResponsiveGetTest" classname="azkaban.execapp.event.JobCallbackRequestMakerTest" time="3.011"/>
  <testcase name="basicGetTest" classname="azkaban.execapp.event.JobCallbackRequestMakerTest" time="1.008"/>
  <testcase name="simulateNotOKStatusCodeTest" classname="azkaban.execapp.event.JobCallbackRequestMakerTest" time="0.005"/>
  <system-out><![CDATA[Start server
Shutting down server
]]></system-out>
  <system-err><![CDATA[2016-04-13 16:41:49.366:INFO::Logging to STDERR via org.mortbay.log.StdErrLog
2016-04-13 16:41:49.417:INFO::jetty-6.1.26
2016-04-13 16:41:49.462:INFO::Started SocketConnector@0.0.0.0:8989
2016-04-13 16:41:54.637:INFO::Stopped SocketConnector@0.0.0.0:8989
]]></system-err>
</testsuite>
