<?xml version="1.0" encoding="UTF-8"?>
<testsuite name="azkaban.execapp.ProjectVersionsTest" tests="1" skipped="0" failures="0" errors="0" timestamp="2016-05-10T04:23:00" hostname="zexinBian-MacBook-Pro.local" time="0.001">
  <properties/>
  <testcase name="testVersionOrdering" classname="azkaban.execapp.ProjectVersionsTest" time="0.001"/>
  <system-out><![CDATA[]]></system-out>
  <system-err><![CDATA[]]></system-err>
</testsuite>
