<?xml version="1.0" encoding="UTF-8"?>
<testsuite name="azkaban.execapp.event.LocalFlowWatcherTest" tests="3" skipped="3" failures="0" errors="0" timestamp="2016-05-10T04:23:17" hostname="zexinBian-MacBook-Pro.local" time="0.001">
  <properties/>
  <testcase name="testBasicLocalFlowWatcher" classname="azkaban.execapp.event.LocalFlowWatcherTest" time="0.0">
    <skipped/>
  </testcase>
  <testcase name="testLevel1LocalFlowWatcher" classname="azkaban.execapp.event.LocalFlowWatcherTest" time="0.0">
    <skipped/>
  </testcase>
  <testcase name="testLevel2DiffLocalFlowWatcher" classname="azkaban.execapp.event.LocalFlowWatcherTest" time="0.001">
    <skipped/>
  </testcase>
  <system-out><![CDATA[]]></system-out>
  <system-err><![CDATA[]]></system-err>
</testsuite>
