<?xml version="1.0" encoding="UTF-8"?>
<testsuite name="azkaban.execapp.event.RemoteFlowWatcherTest" tests="3" skipped="3" failures="0" errors="0" timestamp="2016-04-13T08:41:54" hostname="zexinBian-MacBook-Pro.local" time="0.001">
  <properties/>
  <testcase name="testBasicRemoteFlowWatcher" classname="azkaban.execapp.event.RemoteFlowWatcherTest" time="0.0">
    <skipped/>
  </testcase>
  <testcase name="testLevel2DiffRemoteFlowWatcher" classname="azkaban.execapp.event.RemoteFlowWatcherTest" time="0.0">
    <skipped/>
  </testcase>
  <testcase name="testLevel1RemoteFlowWatcher" classname="azkaban.execapp.event.RemoteFlowWatcherTest" time="0.0">
    <skipped/>
  </testcase>
  <system-out><![CDATA[]]></system-out>
  <system-err><![CDATA[]]></system-err>
</testsuite>
